2023-09-21 22:00:16,645 [Worker-2: Loading available Gradle versions] INFO  o.e.b.c.i.u.g.PublishedGradleVersions - Gradle version information cache is up-to-date. Trying to read.
2023-09-22 21:09:44,656 [Worker-5: Loading available Gradle versions] INFO  o.e.b.c.i.u.g.PublishedGradleVersions - Gradle version information cache is up-to-date. Trying to read.
2023-09-25 20:34:56,642 [Worker-0: Loading available Gradle versions] INFO  o.e.b.c.i.u.g.PublishedGradleVersions - Gradle version information cache is out-of-date. Trying to update.
2023-09-26 20:36:35,048 [Worker-5: Loading available Gradle versions] INFO  o.e.b.c.i.u.g.PublishedGradleVersions - Gradle version information cache is out-of-date. Trying to update.
2023-09-27 20:44:52,540 [Worker-5: Loading available Gradle versions] INFO  o.e.b.c.i.u.g.PublishedGradleVersions - Gradle version information cache is out-of-date. Trying to update.
2023-09-28 20:41:58,929 [Worker-4: Loading available Gradle versions] INFO  o.e.b.c.i.u.g.PublishedGradleVersions - Gradle version information cache is up-to-date. Trying to read.
2023-09-28 20:53:15,323 [Worker-1: Loading available Gradle versions] INFO  o.e.b.c.i.u.g.PublishedGradleVersions - Gradle version information cache is out-of-date. Trying to update.
2023-09-29 20:39:30,786 [Worker-3: Loading available Gradle versions] INFO  o.e.b.c.i.u.g.PublishedGradleVersions - Gradle version information cache is up-to-date. Trying to read.
2023-10-02 20:42:39,926 [Worker-6: Loading available Gradle versions] INFO  o.e.b.c.i.u.g.PublishedGradleVersions - Gradle version information cache is out-of-date. Trying to update.
2023-10-03 20:41:45,167 [Worker-5: Loading available Gradle versions] INFO  o.e.b.c.i.u.g.PublishedGradleVersions - Gradle version information cache is up-to-date. Trying to read.
2023-10-04 00:01:55,262 [Worker-0: Loading available Gradle versions] INFO  o.e.b.c.i.u.g.PublishedGradleVersions - Gradle version information cache is out-of-date. Trying to update.
2023-10-04 20:44:33,033 [Worker-3: Loading available Gradle versions] INFO  o.e.b.c.i.u.g.PublishedGradleVersions - Gradle version information cache is up-to-date. Trying to read.
2023-10-10 20:41:04,137 [Worker-0: Loading available Gradle versions] INFO  o.e.b.c.i.u.g.PublishedGradleVersions - Gradle version information cache is out-of-date. Trying to update.
2023-10-11 20:42:51,607 [Worker-4: Loading available Gradle versions] INFO  o.e.b.c.i.u.g.PublishedGradleVersions - Gradle version information cache is out-of-date. Trying to update.
2023-10-12 10:40:40,343 [Worker-2: Loading available Gradle versions] INFO  o.e.b.c.i.u.g.PublishedGradleVersions - Gradle version information cache is up-to-date. Trying to read.
2023-10-12 20:41:35,616 [Worker-4: Loading available Gradle versions] INFO  o.e.b.c.i.u.g.PublishedGradleVersions - Gradle version information cache is up-to-date. Trying to read.
2023-10-13 09:20:20,680 [Worker-5: Loading available Gradle versions] INFO  o.e.b.c.i.u.g.PublishedGradleVersions - Gradle version information cache is out-of-date. Trying to update.
2023-10-13 21:01:38,015 [Worker-4: Loading available Gradle versions] INFO  o.e.b.c.i.u.g.PublishedGradleVersions - Gradle version information cache is up-to-date. Trying to read.
2023-10-16 12:12:00,714 [Worker-0: Loading available Gradle versions] INFO  o.e.b.c.i.u.g.PublishedGradleVersions - Gradle version information cache is up-to-date. Trying to read.
2023-10-16 20:40:36,485 [Worker-1: Loading available Gradle versions] INFO  o.e.b.c.i.u.g.PublishedGradleVersions - Gradle version information cache is up-to-date. Trying to read.
2023-10-17 10:00:03,286 [Worker-4: Loading available Gradle versions] INFO  o.e.b.c.i.u.g.PublishedGradleVersions - Gradle version information cache is up-to-date. Trying to read.
2023-10-17 20:44:04,756 [Worker-2: Loading available Gradle versions] INFO  o.e.b.c.i.u.g.PublishedGradleVersions - Gradle version information cache is out-of-date. Trying to update.
2023-10-18 20:44:44,669 [Worker-0: Loading available Gradle versions] INFO  o.e.b.c.i.u.g.PublishedGradleVersions - Gradle version information cache is out-of-date. Trying to update.
2023-10-18 21:26:34,719 [Worker-26: Creating maven-archetype-quickstart] INFO  o.e.m.c.i.p.ProjectConfigurationManager - Collecting project info '/pom.xml' S:\JANBASK\QA Batch - 01st Sep 2023\SampleMaven\pom.xml
2023-10-18 21:26:39,767 [Worker-26: Creating maven-archetype-quickstart] INFO  o.e.m.c.i.l.LifecycleMappingFactory - Using org.eclipse.m2e.jdt.JarLifecycleMapping lifecycle mapping for MavenProject: SampleMaven:SampleMaven:0.0.1-SNAPSHOT @ S:\JANBASK\QA Batch - 01st Sep 2023\SampleMaven\pom.xml.
2023-10-18 21:26:41,195 [Worker-26: Creating maven-archetype-quickstart] INFO  o.e.m.j.i.AbstractJavaProjectConfigurator - Adding source folder /SampleMaven/src/main/java
2023-10-18 21:26:41,212 [Worker-26: Creating maven-archetype-quickstart] INFO  o.e.m.j.i.AbstractJavaProjectConfigurator - Adding source folder /SampleMaven/src/test/java
2023-10-18 21:26:41,831 [Worker-26: Creating maven-archetype-quickstart] INFO  o.e.m.c.i.p.ProjectConfigurationManager - Imported and configured 1 project(s) in 7 sec
2023-10-18 21:26:42,180 [Worker-26: Building] INFO  o.e.m.c.i.embedder.EclipseLogger - Using 'UTF-8' encoding to copy filtered resources.
2023-10-18 21:26:42,180 [Worker-26: Building] INFO  o.e.m.c.i.embedder.EclipseLogger - skip non existing resourceDirectory S:\JANBASK\QA Batch - 01st Sep 2023\SampleMaven\src\main\resources
2023-10-18 21:26:42,183 [Worker-26: Building] INFO  o.e.m.c.i.embedder.EclipseLogger - Using 'UTF-8' encoding to copy filtered resources.
2023-10-18 21:26:42,184 [Worker-26: Building] INFO  o.e.m.c.i.embedder.EclipseLogger - skip non existing resourceDirectory S:\JANBASK\QA Batch - 01st Sep 2023\SampleMaven\src\test\resources
2023-10-18 21:27:20,921 [Worker-29: Building] INFO  o.e.m.c.i.embedder.EclipseLogger - Using 'UTF-8' encoding to copy filtered resources.
2023-10-18 21:27:20,922 [Worker-29: Building] INFO  o.e.m.c.i.embedder.EclipseLogger - skip non existing resourceDirectory S:\JANBASK\QA Batch - 01st Sep 2023\SampleMaven\src\main\resources
2023-10-18 21:27:20,925 [Worker-29: Building] INFO  o.e.m.c.i.embedder.EclipseLogger - Using 'UTF-8' encoding to copy filtered resources.
2023-10-18 21:27:20,925 [Worker-29: Building] INFO  o.e.m.c.i.embedder.EclipseLogger - skip non existing resourceDirectory S:\JANBASK\QA Batch - 01st Sep 2023\SampleMaven\src\test\resources
2023-10-18 21:27:26,713 [Worker-22: Building] INFO  o.e.m.c.i.embedder.EclipseLogger - Using 'UTF-8' encoding to copy filtered resources.
2023-10-18 21:27:26,713 [Worker-22: Building] INFO  o.e.m.c.i.embedder.EclipseLogger - skip non existing resourceDirectory S:\JANBASK\QA Batch - 01st Sep 2023\SampleMaven\src\main\resources
2023-10-18 21:27:26,715 [Worker-22: Building] INFO  o.e.m.c.i.embedder.EclipseLogger - Using 'UTF-8' encoding to copy filtered resources.
2023-10-18 21:27:26,716 [Worker-22: Building] INFO  o.e.m.c.i.embedder.EclipseLogger - skip non existing resourceDirectory S:\JANBASK\QA Batch - 01st Sep 2023\SampleMaven\src\test\resources
2023-10-18 21:32:09,966 [Worker-28: Building] INFO  o.e.m.c.i.l.LifecycleMappingFactory - Using org.eclipse.m2e.jdt.JarLifecycleMapping lifecycle mapping for MavenProject: SampleMaven:SampleMaven:0.0.1-SNAPSHOT @ S:\JANBASK\QA Batch - 01st Sep 2023\SampleMaven\pom.xml.
2023-10-18 21:32:11,862 [Worker-31: Download sources and javadoc] INFO  o.e.m.c.i.e.AbstractTransferListenerAdapter - Downloading https://repo.maven.apache.org/maven2/org/seleniumhq/selenium/selenium-java/4.14.1/selenium-java-4.14.1-sources.jar
2023-10-18 21:32:11,962 [Worker-31: Download sources and javadoc] INFO  o.e.m.c.i.e.AbstractTransferListenerAdapter - Downloaded https://repo.maven.apache.org/maven2/org/seleniumhq/selenium/selenium-java/4.14.1/selenium-java-4.14.1-sources.jar
2023-10-18 21:32:11,994 [Worker-31: Download sources and javadoc] INFO  o.e.m.j.internal.DownloadSourcesJob - Downloaded sources for org.seleniumhq.selenium:selenium-java:4.14.1
2023-10-18 21:32:12,092 [Worker-31: Download sources and javadoc] INFO  o.e.m.c.i.e.AbstractTransferListenerAdapter - Downloading https://repo.maven.apache.org/maven2/org/seleniumhq/selenium/selenium-api/4.14.1/selenium-api-4.14.1-sources.jar
2023-10-18 21:32:12,186 [Worker-31: Download sources and javadoc] INFO  o.e.m.c.i.e.AbstractTransferListenerAdapter - Downloaded https://repo.maven.apache.org/maven2/org/seleniumhq/selenium/selenium-api/4.14.1/selenium-api-4.14.1-sources.jar
2023-10-18 21:32:12,204 [Worker-31: Download sources and javadoc] INFO  o.e.m.j.internal.DownloadSourcesJob - Downloaded sources for org.seleniumhq.selenium:selenium-api:4.14.1
2023-10-18 21:32:12,293 [Worker-31: Download sources and javadoc] INFO  o.e.m.c.i.e.AbstractTransferListenerAdapter - Downloading https://repo.maven.apache.org/maven2/org/seleniumhq/selenium/selenium-chrome-driver/4.14.1/selenium-chrome-driver-4.14.1-sources.jar
2023-10-18 21:32:12,528 [Worker-31: Download sources and javadoc] INFO  o.e.m.c.i.e.AbstractTransferListenerAdapter - Downloaded https://repo.maven.apache.org/maven2/org/seleniumhq/selenium/selenium-chrome-driver/4.14.1/selenium-chrome-driver-4.14.1-sources.jar
2023-10-18 21:32:12,548 [Worker-31: Download sources and javadoc] INFO  o.e.m.j.internal.DownloadSourcesJob - Downloaded sources for org.seleniumhq.selenium:selenium-chrome-driver:4.14.1
2023-10-18 21:32:12,627 [Worker-31: Download sources and javadoc] INFO  o.e.m.c.i.e.AbstractTransferListenerAdapter - Downloading https://repo.maven.apache.org/maven2/org/seleniumhq/selenium/selenium-chromium-driver/4.14.1/selenium-chromium-driver-4.14.1-sources.jar
2023-10-18 21:32:13,062 [Worker-31: Download sources and javadoc] INFO  o.e.m.c.i.e.AbstractTransferListenerAdapter - Downloaded https://repo.maven.apache.org/maven2/org/seleniumhq/selenium/selenium-chromium-driver/4.14.1/selenium-chromium-driver-4.14.1-sources.jar
2023-10-18 21:32:13,068 [Worker-31: Download sources and javadoc] INFO  o.e.m.j.internal.DownloadSourcesJob - Downloaded sources for org.seleniumhq.selenium:selenium-chromium-driver:4.14.1
2023-10-18 21:32:13,155 [Worker-31: Download sources and javadoc] INFO  o.e.m.c.i.e.AbstractTransferListenerAdapter - Downloading https://repo.maven.apache.org/maven2/org/seleniumhq/selenium/selenium-json/4.14.1/selenium-json-4.14.1-sources.jar
2023-10-18 21:32:13,718 [Worker-28: Building] INFO  o.e.m.c.i.embedder.EclipseLogger - Using 'UTF-8' encoding to copy filtered resources.
2023-10-18 21:32:13,718 [Worker-28: Building] INFO  o.e.m.c.i.embedder.EclipseLogger - skip non existing resourceDirectory S:\JANBASK\QA Batch - 01st Sep 2023\SampleMaven\src\main\resources
2023-10-18 21:32:13,721 [Worker-28: Building] INFO  o.e.m.c.i.embedder.EclipseLogger - Using 'UTF-8' encoding to copy filtered resources.
2023-10-18 21:32:13,721 [Worker-28: Building] INFO  o.e.m.c.i.embedder.EclipseLogger - skip non existing resourceDirectory S:\JANBASK\QA Batch - 01st Sep 2023\SampleMaven\src\test\resources
2023-10-18 21:32:13,722 [Worker-31: Download sources and javadoc] INFO  o.e.m.c.i.e.AbstractTransferListenerAdapter - Downloaded https://repo.maven.apache.org/maven2/org/seleniumhq/selenium/selenium-json/4.14.1/selenium-json-4.14.1-sources.jar
2023-10-18 21:32:13,745 [Worker-31: Download sources and javadoc] INFO  o.e.m.j.internal.DownloadSourcesJob - Downloaded sources for org.seleniumhq.selenium:selenium-json:4.14.1
2023-10-18 21:32:13,841 [Worker-31: Download sources and javadoc] INFO  o.e.m.c.i.e.AbstractTransferListenerAdapter - Downloading https://repo.maven.apache.org/maven2/org/seleniumhq/selenium/selenium-manager/4.14.1/selenium-manager-4.14.1-sources.jar
2023-10-18 21:32:14,117 [Worker-31: Download sources and javadoc] INFO  o.e.m.c.i.e.AbstractTransferListenerAdapter - Downloaded https://repo.maven.apache.org/maven2/org/seleniumhq/selenium/selenium-manager/4.14.1/selenium-manager-4.14.1-sources.jar
2023-10-18 21:32:14,150 [Worker-31: Download sources and javadoc] INFO  o.e.m.j.internal.DownloadSourcesJob - Downloaded sources for org.seleniumhq.selenium:selenium-manager:4.14.1
2023-10-18 21:32:14,245 [Worker-31: Download sources and javadoc] INFO  o.e.m.c.i.e.AbstractTransferListenerAdapter - Downloading https://repo.maven.apache.org/maven2/org/seleniumhq/selenium/selenium-devtools-v116/4.14.1/selenium-devtools-v116-4.14.1-sources.jar
2023-10-18 21:32:14,661 [Worker-31: Download sources and javadoc] INFO  o.e.m.c.i.e.AbstractTransferListenerAdapter - Downloaded https://repo.maven.apache.org/maven2/org/seleniumhq/selenium/selenium-devtools-v116/4.14.1/selenium-devtools-v116-4.14.1-sources.jar
2023-10-18 21:32:14,668 [Worker-31: Download sources and javadoc] INFO  o.e.m.j.internal.DownloadSourcesJob - Downloaded sources for org.seleniumhq.selenium:selenium-devtools-v116:4.14.1
2023-10-18 21:32:14,780 [Worker-31: Download sources and javadoc] INFO  o.e.m.c.i.e.AbstractTransferListenerAdapter - Downloading https://repo.maven.apache.org/maven2/org/seleniumhq/selenium/selenium-devtools-v117/4.14.1/selenium-devtools-v117-4.14.1-sources.jar
2023-10-18 21:32:14,985 [Worker-31: Download sources and javadoc] INFO  o.e.m.c.i.e.AbstractTransferListenerAdapter - Downloaded https://repo.maven.apache.org/maven2/org/seleniumhq/selenium/selenium-devtools-v117/4.14.1/selenium-devtools-v117-4.14.1-sources.jar
2023-10-18 21:32:14,991 [Worker-31: Download sources and javadoc] INFO  o.e.m.j.internal.DownloadSourcesJob - Downloaded sources for org.seleniumhq.selenium:selenium-devtools-v117:4.14.1
2023-10-18 21:32:15,080 [Worker-31: Download sources and javadoc] INFO  o.e.m.c.i.e.AbstractTransferListenerAdapter - Downloading https://repo.maven.apache.org/maven2/org/seleniumhq/selenium/selenium-devtools-v118/4.14.1/selenium-devtools-v118-4.14.1-sources.jar
2023-10-18 21:32:15,264 [Worker-31: Download sources and javadoc] INFO  o.e.m.c.i.e.AbstractTransferListenerAdapter - Downloaded https://repo.maven.apache.org/maven2/org/seleniumhq/selenium/selenium-devtools-v118/4.14.1/selenium-devtools-v118-4.14.1-sources.jar
2023-10-18 21:32:15,271 [Worker-31: Download sources and javadoc] INFO  o.e.m.j.internal.DownloadSourcesJob - Downloaded sources for org.seleniumhq.selenium:selenium-devtools-v118:4.14.1
2023-10-18 21:32:15,383 [Worker-31: Download sources and javadoc] INFO  o.e.m.c.i.e.AbstractTransferListenerAdapter - Downloading https://repo.maven.apache.org/maven2/org/seleniumhq/selenium/selenium-devtools-v85/4.14.1/selenium-devtools-v85-4.14.1-sources.jar
2023-10-18 21:32:15,518 [Worker-31: Download sources and javadoc] INFO  o.e.m.c.i.e.AbstractTransferListenerAdapter - Downloaded https://repo.maven.apache.org/maven2/org/seleniumhq/selenium/selenium-devtools-v85/4.14.1/selenium-devtools-v85-4.14.1-sources.jar
2023-10-18 21:32:15,523 [Worker-31: Download sources and javadoc] INFO  o.e.m.j.internal.DownloadSourcesJob - Downloaded sources for org.seleniumhq.selenium:selenium-devtools-v85:4.14.1
2023-10-18 21:32:15,594 [Worker-31: Download sources and javadoc] INFO  o.e.m.c.i.e.AbstractTransferListenerAdapter - Downloading https://repo.maven.apache.org/maven2/org/seleniumhq/selenium/selenium-edge-driver/4.14.1/selenium-edge-driver-4.14.1-sources.jar
2023-10-18 21:32:15,841 [Worker-31: Download sources and javadoc] INFO  o.e.m.c.i.e.AbstractTransferListenerAdapter - Downloaded https://repo.maven.apache.org/maven2/org/seleniumhq/selenium/selenium-edge-driver/4.14.1/selenium-edge-driver-4.14.1-sources.jar
2023-10-18 21:32:15,848 [Worker-31: Download sources and javadoc] INFO  o.e.m.j.internal.DownloadSourcesJob - Downloaded sources for org.seleniumhq.selenium:selenium-edge-driver:4.14.1
2023-10-18 21:32:15,936 [Worker-31: Download sources and javadoc] INFO  o.e.m.c.i.e.AbstractTransferListenerAdapter - Downloading https://repo.maven.apache.org/maven2/org/seleniumhq/selenium/selenium-firefox-driver/4.14.1/selenium-firefox-driver-4.14.1-sources.jar
2023-10-18 21:32:16,473 [Worker-31: Download sources and javadoc] INFO  o.e.m.c.i.e.AbstractTransferListenerAdapter - Downloaded https://repo.maven.apache.org/maven2/org/seleniumhq/selenium/selenium-firefox-driver/4.14.1/selenium-firefox-driver-4.14.1-sources.jar
2023-10-18 21:32:16,506 [Worker-31: Download sources and javadoc] INFO  o.e.m.j.internal.DownloadSourcesJob - Downloaded sources for org.seleniumhq.selenium:selenium-firefox-driver:4.14.1
2023-10-18 21:32:16,572 [Worker-31: Download sources and javadoc] INFO  o.e.m.c.i.e.AbstractTransferListenerAdapter - Downloading https://repo.maven.apache.org/maven2/org/seleniumhq/selenium/selenium-http/4.14.1/selenium-http-4.14.1-sources.jar
2023-10-18 21:32:16,937 [Worker-31: Download sources and javadoc] INFO  o.e.m.c.i.e.AbstractTransferListenerAdapter - Downloaded https://repo.maven.apache.org/maven2/org/seleniumhq/selenium/selenium-http/4.14.1/selenium-http-4.14.1-sources.jar
2023-10-18 21:32:16,945 [Worker-31: Download sources and javadoc] INFO  o.e.m.j.internal.DownloadSourcesJob - Downloaded sources for org.seleniumhq.selenium:selenium-http:4.14.1
2023-10-18 21:32:17,011 [Worker-31: Download sources and javadoc] INFO  o.e.m.c.i.e.AbstractTransferListenerAdapter - Downloading https://repo.maven.apache.org/maven2/org/seleniumhq/selenium/selenium-ie-driver/4.14.1/selenium-ie-driver-4.14.1-sources.jar
2023-10-18 21:32:17,223 [Worker-31: Download sources and javadoc] INFO  o.e.m.c.i.e.AbstractTransferListenerAdapter - Downloaded https://repo.maven.apache.org/maven2/org/seleniumhq/selenium/selenium-ie-driver/4.14.1/selenium-ie-driver-4.14.1-sources.jar
2023-10-18 21:32:17,229 [Worker-31: Download sources and javadoc] INFO  o.e.m.j.internal.DownloadSourcesJob - Downloaded sources for org.seleniumhq.selenium:selenium-ie-driver:4.14.1
2023-10-18 21:32:17,301 [Worker-31: Download sources and javadoc] INFO  o.e.m.c.i.e.AbstractTransferListenerAdapter - Downloading https://repo.maven.apache.org/maven2/org/seleniumhq/selenium/selenium-remote-driver/4.14.1/selenium-remote-driver-4.14.1-sources.jar
2023-10-18 21:32:17,398 [Worker-31: Download sources and javadoc] INFO  o.e.m.c.i.e.AbstractTransferListenerAdapter - Downloaded https://repo.maven.apache.org/maven2/org/seleniumhq/selenium/selenium-remote-driver/4.14.1/selenium-remote-driver-4.14.1-sources.jar
2023-10-18 21:32:17,403 [Worker-31: Download sources and javadoc] INFO  o.e.m.j.internal.DownloadSourcesJob - Downloaded sources for org.seleniumhq.selenium:selenium-remote-driver:4.14.1
2023-10-18 21:32:17,479 [Worker-31: Download sources and javadoc] INFO  o.e.m.c.i.e.AbstractTransferListenerAdapter - Downloading https://repo.maven.apache.org/maven2/org/seleniumhq/selenium/selenium-os/4.14.1/selenium-os-4.14.1-sources.jar
2023-10-18 21:32:17,762 [Worker-31: Download sources and javadoc] INFO  o.e.m.c.i.e.AbstractTransferListenerAdapter - Downloaded https://repo.maven.apache.org/maven2/org/seleniumhq/selenium/selenium-os/4.14.1/selenium-os-4.14.1-sources.jar
2023-10-18 21:32:17,767 [Worker-31: Download sources and javadoc] INFO  o.e.m.j.internal.DownloadSourcesJob - Downloaded sources for org.seleniumhq.selenium:selenium-os:4.14.1
2023-10-18 21:32:17,840 [Worker-31: Download sources and javadoc] INFO  o.e.m.c.i.e.AbstractTransferListenerAdapter - Downloading https://repo.maven.apache.org/maven2/org/seleniumhq/selenium/selenium-safari-driver/4.14.1/selenium-safari-driver-4.14.1-sources.jar
2023-10-18 21:32:18,105 [Worker-31: Download sources and javadoc] INFO  o.e.m.c.i.e.AbstractTransferListenerAdapter - Downloaded https://repo.maven.apache.org/maven2/org/seleniumhq/selenium/selenium-safari-driver/4.14.1/selenium-safari-driver-4.14.1-sources.jar
2023-10-18 21:32:18,110 [Worker-31: Download sources and javadoc] INFO  o.e.m.j.internal.DownloadSourcesJob - Downloaded sources for org.seleniumhq.selenium:selenium-safari-driver:4.14.1
2023-10-18 21:32:18,183 [Worker-31: Download sources and javadoc] INFO  o.e.m.c.i.e.AbstractTransferListenerAdapter - Downloading https://repo.maven.apache.org/maven2/org/seleniumhq/selenium/selenium-support/4.14.1/selenium-support-4.14.1-sources.jar
2023-10-18 21:32:18,267 [Worker-31: Download sources and javadoc] INFO  o.e.m.c.i.e.AbstractTransferListenerAdapter - Downloaded https://repo.maven.apache.org/maven2/org/seleniumhq/selenium/selenium-support/4.14.1/selenium-support-4.14.1-sources.jar
2023-10-18 21:32:18,272 [Worker-31: Download sources and javadoc] INFO  o.e.m.j.internal.DownloadSourcesJob - Downloaded sources for org.seleniumhq.selenium:selenium-support:4.14.1
2023-10-18 21:32:18,598 [Worker-26: Building] INFO  o.e.m.c.i.embedder.EclipseLogger - Using 'UTF-8' encoding to copy filtered resources.
2023-10-18 21:32:18,598 [Worker-26: Building] INFO  o.e.m.c.i.embedder.EclipseLogger - skip non existing resourceDirectory S:\JANBASK\QA Batch - 01st Sep 2023\SampleMaven\src\main\resources
2023-10-18 21:32:18,599 [Worker-26: Building] INFO  o.e.m.c.i.embedder.EclipseLogger - Using 'UTF-8' encoding to copy filtered resources.
2023-10-18 21:32:18,600 [Worker-26: Building] INFO  o.e.m.c.i.embedder.EclipseLogger - skip non existing resourceDirectory S:\JANBASK\QA Batch - 01st Sep 2023\SampleMaven\src\test\resources
2023-10-18 21:33:18,912 [Worker-28: Building] INFO  o.e.m.c.i.l.LifecycleMappingFactory - Using org.eclipse.m2e.jdt.JarLifecycleMapping lifecycle mapping for MavenProject: SampleMaven:SampleMaven:0.0.1-SNAPSHOT @ S:\JANBASK\QA Batch - 01st Sep 2023\SampleMaven\pom.xml.
2023-10-18 21:33:19,787 [Worker-28: Building] INFO  o.e.m.c.i.embedder.EclipseLogger - Using 'UTF-8' encoding to copy filtered resources.
2023-10-18 21:33:19,787 [Worker-28: Building] INFO  o.e.m.c.i.embedder.EclipseLogger - skip non existing resourceDirectory S:\JANBASK\QA Batch - 01st Sep 2023\SampleMaven\src\main\resources
2023-10-18 21:33:19,790 [Worker-28: Building] INFO  o.e.m.c.i.embedder.EclipseLogger - Using 'UTF-8' encoding to copy filtered resources.
2023-10-18 21:33:19,790 [Worker-28: Building] INFO  o.e.m.c.i.embedder.EclipseLogger - skip non existing resourceDirectory S:\JANBASK\QA Batch - 01st Sep 2023\SampleMaven\src\test\resources
2023-10-18 21:33:51,280 [Worker-31: Building] INFO  o.e.m.c.i.l.LifecycleMappingFactory - Using org.eclipse.m2e.jdt.JarLifecycleMapping lifecycle mapping for MavenProject: SampleMaven:SampleMaven:0.0.1-SNAPSHOT @ S:\JANBASK\QA Batch - 01st Sep 2023\SampleMaven\pom.xml.
2023-10-18 21:33:51,752 [Worker-31: Building] INFO  o.e.m.c.i.embedder.EclipseLogger - Using 'UTF-8' encoding to copy filtered resources.
2023-10-18 21:33:51,752 [Worker-31: Building] INFO  o.e.m.c.i.embedder.EclipseLogger - skip non existing resourceDirectory S:\JANBASK\QA Batch - 01st Sep 2023\SampleMaven\src\main\resources
2023-10-18 21:33:51,755 [Worker-31: Building] INFO  o.e.m.c.i.embedder.EclipseLogger - Using 'UTF-8' encoding to copy filtered resources.
2023-10-18 21:33:51,755 [Worker-31: Building] INFO  o.e.m.c.i.embedder.EclipseLogger - skip non existing resourceDirectory S:\JANBASK\QA Batch - 01st Sep 2023\SampleMaven\src\test\resources
2023-10-18 21:34:35,449 [Worker-26: Updating Maven Project] INFO  o.e.m.c.i.p.ProjectConfigurationManager - Update started
2023-10-18 21:34:35,887 [Worker-26: Updating Maven Project] INFO  o.e.m.c.i.l.LifecycleMappingFactory - Using org.eclipse.m2e.jdt.JarLifecycleMapping lifecycle mapping for MavenProject: SampleMaven:SampleMaven:0.0.1-SNAPSHOT @ S:\JANBASK\QA Batch - 01st Sep 2023\SampleMaven\pom.xml.
2023-10-18 21:34:36,365 [Worker-26: Updating Maven Project] INFO  o.e.m.j.i.AbstractJavaProjectConfigurator - Adding source folder /SampleMaven/src/main/java
2023-10-18 21:34:36,366 [Worker-26: Updating Maven Project] INFO  o.e.m.j.i.AbstractJavaProjectConfigurator - Adding source folder /SampleMaven/src/test/java
2023-10-18 21:34:36,604 [Worker-26: Updating Maven Project] INFO  o.e.m.c.i.p.ProjectConfigurationManager - Update completed: 1 sec
2023-10-18 21:34:36,888 [Worker-32: Building] INFO  o.e.m.c.i.embedder.EclipseLogger - Using 'UTF-8' encoding to copy filtered resources.
2023-10-18 21:34:36,888 [Worker-32: Building] INFO  o.e.m.c.i.embedder.EclipseLogger - skip non existing resourceDirectory S:\JANBASK\QA Batch - 01st Sep 2023\SampleMaven\src\main\resources
2023-10-18 21:34:36,894 [Worker-32: Building] INFO  o.e.m.c.i.embedder.EclipseLogger - Using 'UTF-8' encoding to copy filtered resources.
2023-10-18 21:34:36,895 [Worker-32: Building] INFO  o.e.m.c.i.embedder.EclipseLogger - skip non existing resourceDirectory S:\JANBASK\QA Batch - 01st Sep 2023\SampleMaven\src\test\resources
2023-10-18 21:35:36,329 [Worker-28: Building] INFO  o.e.m.c.i.embedder.EclipseLogger - Using 'UTF-8' encoding to copy filtered resources.
2023-10-18 21:35:36,330 [Worker-28: Building] INFO  o.e.m.c.i.embedder.EclipseLogger - skip non existing resourceDirectory S:\JANBASK\QA Batch - 01st Sep 2023\SampleMaven\src\main\resources
2023-10-18 21:35:36,333 [Worker-28: Building] INFO  o.e.m.c.i.embedder.EclipseLogger - Using 'UTF-8' encoding to copy filtered resources.
2023-10-18 21:35:36,334 [Worker-28: Building] INFO  o.e.m.c.i.embedder.EclipseLogger - skip non existing resourceDirectory S:\JANBASK\QA Batch - 01st Sep 2023\SampleMaven\src\test\resources
2023-10-18 21:39:06,887 [Worker-31: Launching LoginTest (1)] INFO  o.e.m.c.i.embedder.EclipseLogger - Using 'UTF-8' encoding to copy filtered resources.
2023-10-18 21:39:06,887 [Worker-31: Launching LoginTest (1)] INFO  o.e.m.c.i.embedder.EclipseLogger - skip non existing resourceDirectory S:\JANBASK\QA Batch - 01st Sep 2023\SampleMaven\src\main\resources
2023-10-18 21:39:06,889 [Worker-31: Launching LoginTest (1)] INFO  o.e.m.c.i.embedder.EclipseLogger - Using 'UTF-8' encoding to copy filtered resources.
2023-10-18 21:39:06,889 [Worker-31: Launching LoginTest (1)] INFO  o.e.m.c.i.embedder.EclipseLogger - skip non existing resourceDirectory S:\JANBASK\QA Batch - 01st Sep 2023\SampleMaven\src\test\resources
2023-10-18 21:39:39,191 [Worker-34: Building] INFO  o.e.m.c.i.embedder.EclipseLogger - Using 'UTF-8' encoding to copy filtered resources.
2023-10-18 21:39:39,191 [Worker-34: Building] INFO  o.e.m.c.i.embedder.EclipseLogger - skip non existing resourceDirectory S:\JANBASK\QA Batch - 01st Sep 2023\SampleMaven\src\main\resources
2023-10-18 21:39:39,193 [Worker-34: Building] INFO  o.e.m.c.i.embedder.EclipseLogger - Using 'UTF-8' encoding to copy filtered resources.
2023-10-18 21:39:39,194 [Worker-34: Building] INFO  o.e.m.c.i.embedder.EclipseLogger - skip non existing resourceDirectory S:\JANBASK\QA Batch - 01st Sep 2023\SampleMaven\src\test\resources
2023-10-18 21:39:50,150 [Worker-34: Building] INFO  o.e.m.c.i.embedder.EclipseLogger - Using 'UTF-8' encoding to copy filtered resources.
2023-10-18 21:39:50,150 [Worker-34: Building] INFO  o.e.m.c.i.embedder.EclipseLogger - skip non existing resourceDirectory S:\JANBASK\QA Batch - 01st Sep 2023\SampleMaven\src\main\resources
2023-10-18 21:39:50,152 [Worker-34: Building] INFO  o.e.m.c.i.embedder.EclipseLogger - Using 'UTF-8' encoding to copy filtered resources.
2023-10-18 21:39:50,152 [Worker-34: Building] INFO  o.e.m.c.i.embedder.EclipseLogger - skip non existing resourceDirectory S:\JANBASK\QA Batch - 01st Sep 2023\SampleMaven\src\test\resources
2023-10-18 21:41:01,726 [Worker-31: Building] INFO  o.e.m.c.i.embedder.EclipseLogger - Using 'UTF-8' encoding to copy filtered resources.
2023-10-18 21:41:01,726 [Worker-31: Building] INFO  o.e.m.c.i.embedder.EclipseLogger - skip non existing resourceDirectory S:\JANBASK\QA Batch - 01st Sep 2023\SampleMaven\src\main\resources
2023-10-18 21:41:01,728 [Worker-31: Building] INFO  o.e.m.c.i.embedder.EclipseLogger - Using 'UTF-8' encoding to copy filtered resources.
2023-10-18 21:41:01,729 [Worker-31: Building] INFO  o.e.m.c.i.embedder.EclipseLogger - skip non existing resourceDirectory S:\JANBASK\QA Batch - 01st Sep 2023\SampleMaven\src\test\resources
2023-10-18 21:42:24,589 [Worker-28: Launching AddTocartTest] INFO  o.e.m.c.i.embedder.EclipseLogger - Using 'UTF-8' encoding to copy filtered resources.
2023-10-18 21:42:24,590 [Worker-28: Launching AddTocartTest] INFO  o.e.m.c.i.embedder.EclipseLogger - skip non existing resourceDirectory S:\JANBASK\QA Batch - 01st Sep 2023\SampleMaven\src\main\resources
2023-10-18 21:42:24,593 [Worker-28: Launching AddTocartTest] INFO  o.e.m.c.i.embedder.EclipseLogger - Using 'UTF-8' encoding to copy filtered resources.
2023-10-18 21:42:24,593 [Worker-28: Launching AddTocartTest] INFO  o.e.m.c.i.embedder.EclipseLogger - skip non existing resourceDirectory S:\JANBASK\QA Batch - 01st Sep 2023\SampleMaven\src\test\resources
2023-10-18 21:45:56,353 [Worker-35: Building] INFO  o.e.m.c.i.embedder.EclipseLogger - Using 'UTF-8' encoding to copy filtered resources.
2023-10-18 21:45:56,354 [Worker-35: Building] INFO  o.e.m.c.i.embedder.EclipseLogger - skip non existing resourceDirectory S:\JANBASK\QA Batch - 01st Sep 2023\SampleMaven\src\main\resources
2023-10-18 21:45:56,357 [Worker-35: Building] INFO  o.e.m.c.i.embedder.EclipseLogger - Using 'UTF-8' encoding to copy filtered resources.
2023-10-18 21:45:56,357 [Worker-35: Building] INFO  o.e.m.c.i.embedder.EclipseLogger - skip non existing resourceDirectory S:\JANBASK\QA Batch - 01st Sep 2023\SampleMaven\src\test\resources
2023-10-18 21:46:27,833 [Worker-39: Launching Executing test in S__JANBASK_QA Batch - 01st Sep 2023_SampleMaven] INFO  o.e.m.i.launch.MavenLaunchDelegate - S:\JANBASK\QA Batch - 01st Sep 2023\SampleMaven
2023-10-18 21:46:27,834 [Worker-39: Launching Executing test in S__JANBASK_QA Batch - 01st Sep 2023_SampleMaven] INFO  o.e.m.i.launch.MavenLaunchDelegate -  mvn -B test
2023-10-18 21:46:40,698 [Worker-39: Building] INFO  o.e.m.c.i.embedder.EclipseLogger - Using 'UTF-8' encoding to copy filtered resources.
2023-10-18 21:46:40,698 [Worker-39: Building] INFO  o.e.m.c.i.embedder.EclipseLogger - skip non existing resourceDirectory S:\JANBASK\QA Batch - 01st Sep 2023\SampleMaven\src\main\resources
2023-10-18 21:46:40,702 [Worker-39: Building] INFO  o.e.m.c.i.embedder.EclipseLogger - Using 'UTF-8' encoding to copy filtered resources.
2023-10-18 21:46:40,702 [Worker-39: Building] INFO  o.e.m.c.i.embedder.EclipseLogger - skip non existing resourceDirectory S:\JANBASK\QA Batch - 01st Sep 2023\SampleMaven\src\test\resources
2023-10-18 21:52:35,082 [Worker-32: Building] INFO  o.e.m.c.i.embedder.EclipseLogger - Using 'UTF-8' encoding to copy filtered resources.
2023-10-18 21:52:35,083 [Worker-32: Building] INFO  o.e.m.c.i.embedder.EclipseLogger - skip non existing resourceDirectory S:\JANBASK\QA Batch - 01st Sep 2023\SampleMaven\src\main\resources
2023-10-18 21:52:35,085 [Worker-32: Building] INFO  o.e.m.c.i.embedder.EclipseLogger - Using 'UTF-8' encoding to copy filtered resources.
2023-10-18 21:52:35,086 [Worker-32: Building] INFO  o.e.m.c.i.embedder.EclipseLogger - skip non existing resourceDirectory S:\JANBASK\QA Batch - 01st Sep 2023\SampleMaven\src\test\resources
2023-10-18 21:52:53,736 [Worker-32: Building] INFO  o.e.m.c.i.embedder.EclipseLogger - Using 'UTF-8' encoding to copy filtered resources.
2023-10-18 21:52:53,736 [Worker-32: Building] INFO  o.e.m.c.i.embedder.EclipseLogger - skip non existing resourceDirectory S:\JANBASK\QA Batch - 01st Sep 2023\SampleMaven\src\main\resources
2023-10-18 21:52:53,739 [Worker-32: Building] INFO  o.e.m.c.i.embedder.EclipseLogger - Using 'UTF-8' encoding to copy filtered resources.
2023-10-18 21:52:53,739 [Worker-32: Building] INFO  o.e.m.c.i.embedder.EclipseLogger - skip non existing resourceDirectory S:\JANBASK\QA Batch - 01st Sep 2023\SampleMaven\src\test\resources
2023-10-19 20:41:44,838 [Worker-2: Loading available Gradle versions] INFO  o.e.b.c.i.u.g.PublishedGradleVersions - Gradle version information cache is up-to-date. Trying to read.
2023-10-20 20:43:30,552 [Worker-4: Loading available Gradle versions] INFO  o.e.b.c.i.u.g.PublishedGradleVersions - Gradle version information cache is out-of-date. Trying to update.
2023-10-23 20:44:57,901 [Worker-5: Loading available Gradle versions] INFO  o.e.b.c.i.u.g.PublishedGradleVersions - Gradle version information cache is out-of-date. Trying to update.
2023-10-24 20:44:59,511 [Worker-5: Loading available Gradle versions] INFO  o.e.b.c.i.u.g.PublishedGradleVersions - Gradle version information cache is out-of-date. Trying to update.
2023-10-25 20:54:16,318 [Worker-0: Loading available Gradle versions] INFO  o.e.b.c.i.u.g.PublishedGradleVersions - Gradle version information cache is out-of-date. Trying to update.
2023-10-25 21:01:58,980 [Worker-24: Creating maven-archetype-quickstart] INFO  o.e.m.c.i.p.ProjectConfigurationManager - Collecting project info '/pom.xml' S:\JANBASK\QA Batch - 01st Sep 2023\SAUCE_UI_FRAMEWORK\pom.xml
2023-10-25 21:02:04,301 [Worker-24: Creating maven-archetype-quickstart] INFO  o.e.m.c.i.l.LifecycleMappingFactory - Using org.eclipse.m2e.jdt.JarLifecycleMapping lifecycle mapping for MavenProject: SAUCE_UI_FRAMEWORK:SAUCE_UI_FRAMEWORK:0.0.1-SNAPSHOT @ S:\JANBASK\QA Batch - 01st Sep 2023\SAUCE_UI_FRAMEWORK\pom.xml.
2023-10-25 21:02:05,632 [Worker-24: Creating maven-archetype-quickstart] INFO  o.e.m.j.i.AbstractJavaProjectConfigurator - Adding source folder /SAUCE_UI_FRAMEWORK/src/main/java
2023-10-25 21:02:05,649 [Worker-24: Creating maven-archetype-quickstart] INFO  o.e.m.j.i.AbstractJavaProjectConfigurator - Adding source folder /SAUCE_UI_FRAMEWORK/src/test/java
2023-10-25 21:02:06,197 [Worker-24: Creating maven-archetype-quickstart] INFO  o.e.m.c.i.p.ProjectConfigurationManager - Imported and configured 1 project(s) in 7 sec
2023-10-25 21:02:07,757 [Worker-15: Building] INFO  o.e.m.c.i.embedder.EclipseLogger - Using 'UTF-8' encoding to copy filtered resources.
2023-10-25 21:02:07,758 [Worker-15: Building] INFO  o.e.m.c.i.embedder.EclipseLogger - skip non existing resourceDirectory S:\JANBASK\QA Batch - 01st Sep 2023\SAUCE_UI_FRAMEWORK\src\main\resources
2023-10-25 21:02:07,762 [Worker-15: Building] INFO  o.e.m.c.i.embedder.EclipseLogger - Using 'UTF-8' encoding to copy filtered resources.
2023-10-25 21:02:07,762 [Worker-15: Building] INFO  o.e.m.c.i.embedder.EclipseLogger - skip non existing resourceDirectory S:\JANBASK\QA Batch - 01st Sep 2023\SAUCE_UI_FRAMEWORK\src\test\resources
2023-10-25 21:02:22,607 [Worker-15: Building] INFO  o.e.m.c.i.embedder.EclipseLogger - Using 'UTF-8' encoding to copy filtered resources.
2023-10-25 21:02:22,607 [Worker-15: Building] INFO  o.e.m.c.i.embedder.EclipseLogger - skip non existing resourceDirectory S:\JANBASK\QA Batch - 01st Sep 2023\SAUCE_UI_FRAMEWORK\src\main\resources
2023-10-25 21:02:22,611 [Worker-15: Building] INFO  o.e.m.c.i.embedder.EclipseLogger - Using 'UTF-8' encoding to copy filtered resources.
2023-10-25 21:02:22,612 [Worker-15: Building] INFO  o.e.m.c.i.embedder.EclipseLogger - skip non existing resourceDirectory S:\JANBASK\QA Batch - 01st Sep 2023\SAUCE_UI_FRAMEWORK\src\test\resources
2023-10-25 21:02:27,083 [Worker-25: Building] INFO  o.e.m.c.i.embedder.EclipseLogger - Using 'UTF-8' encoding to copy filtered resources.
2023-10-25 21:02:27,083 [Worker-25: Building] INFO  o.e.m.c.i.embedder.EclipseLogger - skip non existing resourceDirectory S:\JANBASK\QA Batch - 01st Sep 2023\SAUCE_UI_FRAMEWORK\src\main\resources
2023-10-25 21:02:27,085 [Worker-25: Building] INFO  o.e.m.c.i.embedder.EclipseLogger - Using 'UTF-8' encoding to copy filtered resources.
2023-10-25 21:02:27,086 [Worker-25: Building] INFO  o.e.m.c.i.embedder.EclipseLogger - skip non existing resourceDirectory S:\JANBASK\QA Batch - 01st Sep 2023\SAUCE_UI_FRAMEWORK\src\test\resources
2023-10-25 21:02:54,573 [Worker-15: Building] INFO  o.e.m.c.i.embedder.EclipseLogger - Using 'UTF-8' encoding to copy filtered resources.
2023-10-25 21:02:54,573 [Worker-15: Building] INFO  o.e.m.c.i.embedder.EclipseLogger - skip non existing resourceDirectory S:\JANBASK\QA Batch - 01st Sep 2023\SAUCE_UI_FRAMEWORK\src\main\resources
2023-10-25 21:02:54,575 [Worker-15: Building] INFO  o.e.m.c.i.embedder.EclipseLogger - Using 'UTF-8' encoding to copy filtered resources.
2023-10-25 21:02:54,575 [Worker-15: Building] INFO  o.e.m.c.i.embedder.EclipseLogger - skip non existing resourceDirectory S:\JANBASK\QA Batch - 01st Sep 2023\SAUCE_UI_FRAMEWORK\src\test\resources
2023-10-25 21:03:03,768 [Worker-23: Building] INFO  o.e.m.c.i.embedder.EclipseLogger - Using 'UTF-8' encoding to copy filtered resources.
2023-10-25 21:03:03,768 [Worker-23: Building] INFO  o.e.m.c.i.embedder.EclipseLogger - skip non existing resourceDirectory S:\JANBASK\QA Batch - 01st Sep 2023\SAUCE_UI_FRAMEWORK\src\main\resources
2023-10-25 21:03:03,770 [Worker-23: Building] INFO  o.e.m.c.i.embedder.EclipseLogger - Using 'UTF-8' encoding to copy filtered resources.
2023-10-25 21:03:03,770 [Worker-23: Building] INFO  o.e.m.c.i.embedder.EclipseLogger - skip non existing resourceDirectory S:\JANBASK\QA Batch - 01st Sep 2023\SAUCE_UI_FRAMEWORK\src\test\resources
2023-10-25 21:03:11,792 [Worker-25: Building] INFO  o.e.m.c.i.embedder.EclipseLogger - Using 'UTF-8' encoding to copy filtered resources.
2023-10-25 21:03:11,792 [Worker-25: Building] INFO  o.e.m.c.i.embedder.EclipseLogger - skip non existing resourceDirectory S:\JANBASK\QA Batch - 01st Sep 2023\SAUCE_UI_FRAMEWORK\src\main\resources
2023-10-25 21:03:11,794 [Worker-25: Building] INFO  o.e.m.c.i.embedder.EclipseLogger - Using 'UTF-8' encoding to copy filtered resources.
2023-10-25 21:03:11,795 [Worker-25: Building] INFO  o.e.m.c.i.embedder.EclipseLogger - skip non existing resourceDirectory S:\JANBASK\QA Batch - 01st Sep 2023\SAUCE_UI_FRAMEWORK\src\test\resources
2023-10-25 21:03:19,650 [Worker-24: Building] INFO  o.e.m.c.i.embedder.EclipseLogger - Using 'UTF-8' encoding to copy filtered resources.
2023-10-25 21:03:19,650 [Worker-24: Building] INFO  o.e.m.c.i.embedder.EclipseLogger - skip non existing resourceDirectory S:\JANBASK\QA Batch - 01st Sep 2023\SAUCE_UI_FRAMEWORK\src\main\resources
2023-10-25 21:03:19,652 [Worker-24: Building] INFO  o.e.m.c.i.embedder.EclipseLogger - Using 'UTF-8' encoding to copy filtered resources.
2023-10-25 21:03:19,652 [Worker-24: Building] INFO  o.e.m.c.i.embedder.EclipseLogger - skip non existing resourceDirectory S:\JANBASK\QA Batch - 01st Sep 2023\SAUCE_UI_FRAMEWORK\src\test\resources
2023-10-25 21:03:29,031 [Worker-23: Building] INFO  o.e.m.c.i.embedder.EclipseLogger - Using 'UTF-8' encoding to copy filtered resources.
2023-10-25 21:03:29,031 [Worker-23: Building] INFO  o.e.m.c.i.embedder.EclipseLogger - skip non existing resourceDirectory S:\JANBASK\QA Batch - 01st Sep 2023\SAUCE_UI_FRAMEWORK\src\main\resources
2023-10-25 21:03:29,035 [Worker-23: Building] INFO  o.e.m.c.i.embedder.EclipseLogger - Using 'UTF-8' encoding to copy filtered resources.
2023-10-25 21:03:29,035 [Worker-23: Building] INFO  o.e.m.c.i.embedder.EclipseLogger - skip non existing resourceDirectory S:\JANBASK\QA Batch - 01st Sep 2023\SAUCE_UI_FRAMEWORK\src\test\resources
2023-10-25 21:03:37,566 [Worker-24: Building] INFO  o.e.m.c.i.embedder.EclipseLogger - Using 'UTF-8' encoding to copy filtered resources.
2023-10-25 21:03:37,567 [Worker-24: Building] INFO  o.e.m.c.i.embedder.EclipseLogger - skip non existing resourceDirectory S:\JANBASK\QA Batch - 01st Sep 2023\SAUCE_UI_FRAMEWORK\src\main\resources
2023-10-25 21:03:37,570 [Worker-24: Building] INFO  o.e.m.c.i.embedder.EclipseLogger - Using 'UTF-8' encoding to copy filtered resources.
2023-10-25 21:03:37,571 [Worker-24: Building] INFO  o.e.m.c.i.embedder.EclipseLogger - skip non existing resourceDirectory S:\JANBASK\QA Batch - 01st Sep 2023\SAUCE_UI_FRAMEWORK\src\test\resources
2023-10-25 21:03:48,976 [Worker-23: Building] INFO  o.e.m.c.i.embedder.EclipseLogger - Using 'UTF-8' encoding to copy filtered resources.
2023-10-25 21:03:48,977 [Worker-23: Building] INFO  o.e.m.c.i.embedder.EclipseLogger - skip non existing resourceDirectory S:\JANBASK\QA Batch - 01st Sep 2023\SAUCE_UI_FRAMEWORK\src\main\resources
2023-10-25 21:03:48,979 [Worker-23: Building] INFO  o.e.m.c.i.embedder.EclipseLogger - Using 'UTF-8' encoding to copy filtered resources.
2023-10-25 21:03:48,980 [Worker-23: Building] INFO  o.e.m.c.i.embedder.EclipseLogger - skip non existing resourceDirectory S:\JANBASK\QA Batch - 01st Sep 2023\SAUCE_UI_FRAMEWORK\src\test\resources
2023-10-25 21:05:42,134 [Worker-25: Building] INFO  o.e.m.c.i.l.LifecycleMappingFactory - Using org.eclipse.m2e.jdt.JarLifecycleMapping lifecycle mapping for MavenProject: SAUCE_UI_FRAMEWORK:SAUCE_UI_FRAMEWORK:0.0.1-SNAPSHOT @ S:\JANBASK\QA Batch - 01st Sep 2023\SAUCE_UI_FRAMEWORK\pom.xml.
2023-10-25 21:05:44,209 [Worker-15: Download sources and javadoc] INFO  o.e.m.c.i.e.AbstractTransferListenerAdapter - Downloading https://repo.maven.apache.org/maven2/org/apache/poi/poi/5.2.4/poi-5.2.4-sources.jar
2023-10-25 21:05:44,696 [Worker-15: Download sources and javadoc] INFO  o.e.m.c.i.e.AbstractTransferListenerAdapter - Downloaded https://repo.maven.apache.org/maven2/org/apache/poi/poi/5.2.4/poi-5.2.4-sources.jar
2023-10-25 21:05:44,714 [Worker-15: Download sources and javadoc] INFO  o.e.m.j.internal.DownloadSourcesJob - Downloaded sources for org.apache.poi:poi:5.2.4
2023-10-25 21:05:44,781 [Worker-15: Download sources and javadoc] INFO  o.e.m.c.i.e.AbstractTransferListenerAdapter - Downloading https://repo.maven.apache.org/maven2/commons-codec/commons-codec/1.16.0/commons-codec-1.16.0-sources.jar
2023-10-25 21:05:44,915 [Worker-15: Download sources and javadoc] INFO  o.e.m.c.i.e.AbstractTransferListenerAdapter - Downloaded https://repo.maven.apache.org/maven2/commons-codec/commons-codec/1.16.0/commons-codec-1.16.0-sources.jar
2023-10-25 21:05:44,922 [Worker-15: Download sources and javadoc] INFO  o.e.m.j.internal.DownloadSourcesJob - Downloaded sources for commons-codec:commons-codec:1.16.0
2023-10-25 21:05:45,010 [Worker-15: Download sources and javadoc] INFO  o.e.m.c.i.e.AbstractTransferListenerAdapter - Downloading https://repo.maven.apache.org/maven2/commons-io/commons-io/2.13.0/commons-io-2.13.0-sources.jar
2023-10-25 21:05:45,157 [Worker-15: Download sources and javadoc] INFO  o.e.m.c.i.e.AbstractTransferListenerAdapter - Downloaded https://repo.maven.apache.org/maven2/commons-io/commons-io/2.13.0/commons-io-2.13.0-sources.jar
2023-10-25 21:05:45,164 [Worker-15: Download sources and javadoc] INFO  o.e.m.j.internal.DownloadSourcesJob - Downloaded sources for commons-io:commons-io:2.13.0
2023-10-25 21:05:45,241 [Worker-15: Download sources and javadoc] INFO  o.e.m.c.i.e.AbstractTransferListenerAdapter - Downloading https://repo.maven.apache.org/maven2/com/zaxxer/SparseBitSet/1.3/SparseBitSet-1.3-sources.jar
2023-10-25 21:05:45,336 [Worker-15: Download sources and javadoc] INFO  o.e.m.c.i.e.AbstractTransferListenerAdapter - Downloaded https://repo.maven.apache.org/maven2/com/zaxxer/SparseBitSet/1.3/SparseBitSet-1.3-sources.jar
2023-10-25 21:05:45,344 [Worker-15: Download sources and javadoc] INFO  o.e.m.j.internal.DownloadSourcesJob - Downloaded sources for com.zaxxer:SparseBitSet:1.3
2023-10-25 21:05:45,412 [Worker-15: Download sources and javadoc] INFO  o.e.m.c.i.e.AbstractTransferListenerAdapter - Downloading https://repo.maven.apache.org/maven2/org/apache/logging/log4j/log4j-api/2.20.0/log4j-api-2.20.0-sources.jar
2023-10-25 21:05:45,510 [Worker-15: Download sources and javadoc] INFO  o.e.m.c.i.e.AbstractTransferListenerAdapter - Downloaded https://repo.maven.apache.org/maven2/org/apache/logging/log4j/log4j-api/2.20.0/log4j-api-2.20.0-sources.jar
2023-10-25 21:05:45,515 [Worker-15: Download sources and javadoc] INFO  o.e.m.j.internal.DownloadSourcesJob - Downloaded sources for org.apache.logging.log4j:log4j-api:2.20.0
2023-10-25 21:05:45,584 [Worker-15: Download sources and javadoc] INFO  o.e.m.c.i.e.AbstractTransferListenerAdapter - Downloading https://repo.maven.apache.org/maven2/org/apache/poi/poi-ooxml/5.2.4/poi-ooxml-5.2.4-sources.jar
2023-10-25 21:05:45,829 [Worker-15: Download sources and javadoc] INFO  o.e.m.c.i.e.AbstractTransferListenerAdapter - Downloaded https://repo.maven.apache.org/maven2/org/apache/poi/poi-ooxml/5.2.4/poi-ooxml-5.2.4-sources.jar
2023-10-25 21:05:45,834 [Worker-15: Download sources and javadoc] INFO  o.e.m.j.internal.DownloadSourcesJob - Downloaded sources for org.apache.poi:poi-ooxml:5.2.4
2023-10-25 21:05:45,940 [Worker-15: Download sources and javadoc] INFO  o.e.m.c.i.e.AbstractTransferListenerAdapter - Downloading https://repo.maven.apache.org/maven2/org/apache/poi/poi-ooxml-lite/5.2.4/poi-ooxml-lite-5.2.4-sources.jar
2023-10-25 21:05:46,784 [Worker-25: Building] INFO  o.e.m.c.i.embedder.EclipseLogger - Using 'UTF-8' encoding to copy filtered resources.
2023-10-25 21:05:46,785 [Worker-25: Building] INFO  o.e.m.c.i.embedder.EclipseLogger - skip non existing resourceDirectory S:\JANBASK\QA Batch - 01st Sep 2023\SAUCE_UI_FRAMEWORK\src\main\resources
2023-10-25 21:05:46,787 [Worker-25: Building] INFO  o.e.m.c.i.embedder.EclipseLogger - Using 'UTF-8' encoding to copy filtered resources.
2023-10-25 21:05:46,788 [Worker-25: Building] INFO  o.e.m.c.i.embedder.EclipseLogger - skip non existing resourceDirectory S:\JANBASK\QA Batch - 01st Sep 2023\SAUCE_UI_FRAMEWORK\src\test\resources
2023-10-25 21:05:47,253 [Worker-15: Download sources and javadoc] INFO  o.e.m.c.i.e.AbstractTransferListenerAdapter - Downloaded https://repo.maven.apache.org/maven2/org/apache/poi/poi-ooxml-lite/5.2.4/poi-ooxml-lite-5.2.4-sources.jar
2023-10-25 21:05:47,260 [Worker-15: Download sources and javadoc] INFO  o.e.m.j.internal.DownloadSourcesJob - Downloaded sources for org.apache.poi:poi-ooxml-lite:5.2.4
2023-10-25 21:05:47,341 [Worker-15: Download sources and javadoc] INFO  o.e.m.c.i.e.AbstractTransferListenerAdapter - Downloading https://repo.maven.apache.org/maven2/org/apache/commons/commons-compress/1.24.0/commons-compress-1.24.0-sources.jar
2023-10-25 21:05:47,550 [Worker-15: Download sources and javadoc] INFO  o.e.m.c.i.e.AbstractTransferListenerAdapter - Downloaded https://repo.maven.apache.org/maven2/org/apache/commons/commons-compress/1.24.0/commons-compress-1.24.0-sources.jar
2023-10-25 21:05:47,555 [Worker-15: Download sources and javadoc] INFO  o.e.m.j.internal.DownloadSourcesJob - Downloaded sources for org.apache.commons:commons-compress:1.24.0
2023-10-25 21:05:47,641 [Worker-15: Download sources and javadoc] INFO  o.e.m.c.i.e.AbstractTransferListenerAdapter - Downloading https://repo.maven.apache.org/maven2/com/github/virtuald/curvesapi/1.08/curvesapi-1.08-sources.jar
2023-10-25 21:05:47,760 [Worker-15: Download sources and javadoc] INFO  o.e.m.c.i.e.AbstractTransferListenerAdapter - Downloaded https://repo.maven.apache.org/maven2/com/github/virtuald/curvesapi/1.08/curvesapi-1.08-sources.jar
2023-10-25 21:05:47,781 [Worker-15: Download sources and javadoc] INFO  o.e.m.j.internal.DownloadSourcesJob - Downloaded sources for com.github.virtuald:curvesapi:1.08
2023-10-25 21:05:48,473 [Worker-11: Building] INFO  o.e.m.c.i.embedder.EclipseLogger - Using 'UTF-8' encoding to copy filtered resources.
2023-10-25 21:05:48,474 [Worker-11: Building] INFO  o.e.m.c.i.embedder.EclipseLogger - skip non existing resourceDirectory S:\JANBASK\QA Batch - 01st Sep 2023\SAUCE_UI_FRAMEWORK\src\main\resources
2023-10-25 21:05:48,475 [Worker-11: Building] INFO  o.e.m.c.i.embedder.EclipseLogger - Using 'UTF-8' encoding to copy filtered resources.
2023-10-25 21:05:48,475 [Worker-11: Building] INFO  o.e.m.c.i.embedder.EclipseLogger - skip non existing resourceDirectory S:\JANBASK\QA Batch - 01st Sep 2023\SAUCE_UI_FRAMEWORK\src\test\resources
2023-10-25 21:06:40,424 [Worker-11: Building] INFO  o.e.m.c.i.embedder.EclipseLogger - Using 'UTF-8' encoding to copy filtered resources.
2023-10-25 21:06:40,425 [Worker-11: Building] INFO  o.e.m.c.i.embedder.EclipseLogger - skip non existing resourceDirectory S:\JANBASK\QA Batch - 01st Sep 2023\SAUCE_UI_FRAMEWORK\src\main\resources
2023-10-25 21:06:40,428 [Worker-11: Building] INFO  o.e.m.c.i.embedder.EclipseLogger - Using 'UTF-8' encoding to copy filtered resources.
2023-10-25 21:06:40,429 [Worker-11: Building] INFO  o.e.m.c.i.embedder.EclipseLogger - skip non existing resourceDirectory S:\JANBASK\QA Batch - 01st Sep 2023\SAUCE_UI_FRAMEWORK\src\test\resources
2023-10-25 21:09:16,185 [Worker-26: Building] INFO  o.e.m.c.i.embedder.EclipseLogger - Using 'UTF-8' encoding to copy filtered resources.
2023-10-25 21:09:16,185 [Worker-26: Building] INFO  o.e.m.c.i.embedder.EclipseLogger - skip non existing resourceDirectory S:\JANBASK\QA Batch - 01st Sep 2023\SAUCE_UI_FRAMEWORK\src\main\resources
2023-10-25 21:09:16,188 [Worker-26: Building] INFO  o.e.m.c.i.embedder.EclipseLogger - Using 'UTF-8' encoding to copy filtered resources.
2023-10-25 21:09:16,188 [Worker-26: Building] INFO  o.e.m.c.i.embedder.EclipseLogger - skip non existing resourceDirectory S:\JANBASK\QA Batch - 01st Sep 2023\SAUCE_UI_FRAMEWORK\src\test\resources
2023-10-25 21:11:58,403 [Worker-24: Launching ReadProperty] INFO  o.e.m.c.i.embedder.EclipseLogger - Using 'UTF-8' encoding to copy filtered resources.
2023-10-25 21:11:58,403 [Worker-24: Launching ReadProperty] INFO  o.e.m.c.i.embedder.EclipseLogger - skip non existing resourceDirectory S:\JANBASK\QA Batch - 01st Sep 2023\SAUCE_UI_FRAMEWORK\src\main\resources
2023-10-25 21:11:58,406 [Worker-24: Launching ReadProperty] INFO  o.e.m.c.i.embedder.EclipseLogger - Using 'UTF-8' encoding to copy filtered resources.
2023-10-25 21:11:58,406 [Worker-24: Launching ReadProperty] INFO  o.e.m.c.i.embedder.EclipseLogger - skip non existing resourceDirectory S:\JANBASK\QA Batch - 01st Sep 2023\SAUCE_UI_FRAMEWORK\src\test\resources
2023-10-25 21:12:15,917 [Worker-26: Building] INFO  o.e.m.c.i.embedder.EclipseLogger - Using 'UTF-8' encoding to copy filtered resources.
2023-10-25 21:12:15,918 [Worker-26: Building] INFO  o.e.m.c.i.embedder.EclipseLogger - skip non existing resourceDirectory S:\JANBASK\QA Batch - 01st Sep 2023\SAUCE_UI_FRAMEWORK\src\main\resources
2023-10-25 21:12:15,921 [Worker-26: Building] INFO  o.e.m.c.i.embedder.EclipseLogger - Using 'UTF-8' encoding to copy filtered resources.
2023-10-25 21:12:15,921 [Worker-26: Building] INFO  o.e.m.c.i.embedder.EclipseLogger - skip non existing resourceDirectory S:\JANBASK\QA Batch - 01st Sep 2023\SAUCE_UI_FRAMEWORK\src\test\resources
2023-10-25 21:12:29,304 [Worker-24: Launching ReadProperty] INFO  o.e.m.c.i.embedder.EclipseLogger - Using 'UTF-8' encoding to copy filtered resources.
2023-10-25 21:12:29,304 [Worker-24: Launching ReadProperty] INFO  o.e.m.c.i.embedder.EclipseLogger - skip non existing resourceDirectory S:\JANBASK\QA Batch - 01st Sep 2023\SAUCE_UI_FRAMEWORK\src\main\resources
2023-10-25 21:12:29,306 [Worker-24: Launching ReadProperty] INFO  o.e.m.c.i.embedder.EclipseLogger - Using 'UTF-8' encoding to copy filtered resources.
2023-10-25 21:12:29,306 [Worker-24: Launching ReadProperty] INFO  o.e.m.c.i.embedder.EclipseLogger - skip non existing resourceDirectory S:\JANBASK\QA Batch - 01st Sep 2023\SAUCE_UI_FRAMEWORK\src\test\resources
2023-10-25 21:12:40,765 [Worker-27: Launching ReadProperty] INFO  o.e.m.c.i.embedder.EclipseLogger - Using 'UTF-8' encoding to copy filtered resources.
2023-10-25 21:12:40,765 [Worker-27: Launching ReadProperty] INFO  o.e.m.c.i.embedder.EclipseLogger - skip non existing resourceDirectory S:\JANBASK\QA Batch - 01st Sep 2023\SAUCE_UI_FRAMEWORK\src\main\resources
2023-10-25 21:12:40,769 [Worker-27: Launching ReadProperty] INFO  o.e.m.c.i.embedder.EclipseLogger - Using 'UTF-8' encoding to copy filtered resources.
2023-10-25 21:12:40,770 [Worker-27: Launching ReadProperty] INFO  o.e.m.c.i.embedder.EclipseLogger - skip non existing resourceDirectory S:\JANBASK\QA Batch - 01st Sep 2023\SAUCE_UI_FRAMEWORK\src\test\resources
2023-10-25 21:12:52,690 [Worker-27: Launching ReadProperty] INFO  o.e.m.c.i.embedder.EclipseLogger - Using 'UTF-8' encoding to copy filtered resources.
2023-10-25 21:12:52,691 [Worker-27: Launching ReadProperty] INFO  o.e.m.c.i.embedder.EclipseLogger - skip non existing resourceDirectory S:\JANBASK\QA Batch - 01st Sep 2023\SAUCE_UI_FRAMEWORK\src\main\resources
2023-10-25 21:12:52,693 [Worker-27: Launching ReadProperty] INFO  o.e.m.c.i.embedder.EclipseLogger - Using 'UTF-8' encoding to copy filtered resources.
2023-10-25 21:12:52,694 [Worker-27: Launching ReadProperty] INFO  o.e.m.c.i.embedder.EclipseLogger - skip non existing resourceDirectory S:\JANBASK\QA Batch - 01st Sep 2023\SAUCE_UI_FRAMEWORK\src\test\resources
2023-10-25 21:14:23,722 [Worker-24: Launching ReadProperty] INFO  o.e.m.c.i.embedder.EclipseLogger - Using 'UTF-8' encoding to copy filtered resources.
2023-10-25 21:14:23,723 [Worker-24: Launching ReadProperty] INFO  o.e.m.c.i.embedder.EclipseLogger - skip non existing resourceDirectory S:\JANBASK\QA Batch - 01st Sep 2023\SAUCE_UI_FRAMEWORK\src\main\resources
2023-10-25 21:14:23,725 [Worker-24: Launching ReadProperty] INFO  o.e.m.c.i.embedder.EclipseLogger - Using 'UTF-8' encoding to copy filtered resources.
2023-10-25 21:14:23,725 [Worker-24: Launching ReadProperty] INFO  o.e.m.c.i.embedder.EclipseLogger - skip non existing resourceDirectory S:\JANBASK\QA Batch - 01st Sep 2023\SAUCE_UI_FRAMEWORK\src\test\resources
2023-10-25 21:14:52,338 [Worker-29: Launching ReadProperty] INFO  o.e.m.c.i.embedder.EclipseLogger - Using 'UTF-8' encoding to copy filtered resources.
2023-10-25 21:14:52,338 [Worker-29: Launching ReadProperty] INFO  o.e.m.c.i.embedder.EclipseLogger - skip non existing resourceDirectory S:\JANBASK\QA Batch - 01st Sep 2023\SAUCE_UI_FRAMEWORK\src\main\resources
2023-10-25 21:14:52,341 [Worker-29: Launching ReadProperty] INFO  o.e.m.c.i.embedder.EclipseLogger - Using 'UTF-8' encoding to copy filtered resources.
2023-10-25 21:14:52,341 [Worker-29: Launching ReadProperty] INFO  o.e.m.c.i.embedder.EclipseLogger - skip non existing resourceDirectory S:\JANBASK\QA Batch - 01st Sep 2023\SAUCE_UI_FRAMEWORK\src\test\resources
2023-10-25 21:16:14,002 [Worker-23: Launching ReadProperty] INFO  o.e.m.c.i.embedder.EclipseLogger - Using 'UTF-8' encoding to copy filtered resources.
2023-10-25 21:16:14,002 [Worker-23: Launching ReadProperty] INFO  o.e.m.c.i.embedder.EclipseLogger - skip non existing resourceDirectory S:\JANBASK\QA Batch - 01st Sep 2023\SAUCE_UI_FRAMEWORK\src\main\resources
2023-10-25 21:16:14,004 [Worker-23: Launching ReadProperty] INFO  o.e.m.c.i.embedder.EclipseLogger - Using 'UTF-8' encoding to copy filtered resources.
2023-10-25 21:16:14,004 [Worker-23: Launching ReadProperty] INFO  o.e.m.c.i.embedder.EclipseLogger - skip non existing resourceDirectory S:\JANBASK\QA Batch - 01st Sep 2023\SAUCE_UI_FRAMEWORK\src\test\resources
2023-10-25 21:16:29,598 [Worker-23: Launching ReadProperty] INFO  o.e.m.c.i.embedder.EclipseLogger - Using 'UTF-8' encoding to copy filtered resources.
2023-10-25 21:16:29,599 [Worker-23: Launching ReadProperty] INFO  o.e.m.c.i.embedder.EclipseLogger - skip non existing resourceDirectory S:\JANBASK\QA Batch - 01st Sep 2023\SAUCE_UI_FRAMEWORK\src\main\resources
2023-10-25 21:16:29,600 [Worker-23: Launching ReadProperty] INFO  o.e.m.c.i.embedder.EclipseLogger - Using 'UTF-8' encoding to copy filtered resources.
2023-10-25 21:16:29,601 [Worker-23: Launching ReadProperty] INFO  o.e.m.c.i.embedder.EclipseLogger - skip non existing resourceDirectory S:\JANBASK\QA Batch - 01st Sep 2023\SAUCE_UI_FRAMEWORK\src\test\resources
2023-10-25 21:18:32,575 [Worker-30: Launching ReadProperty] INFO  o.e.m.c.i.embedder.EclipseLogger - Using 'UTF-8' encoding to copy filtered resources.
2023-10-25 21:18:32,575 [Worker-30: Launching ReadProperty] INFO  o.e.m.c.i.embedder.EclipseLogger - skip non existing resourceDirectory S:\JANBASK\QA Batch - 01st Sep 2023\SAUCE_UI_FRAMEWORK\src\main\resources
2023-10-25 21:18:32,577 [Worker-30: Launching ReadProperty] INFO  o.e.m.c.i.embedder.EclipseLogger - Using 'UTF-8' encoding to copy filtered resources.
2023-10-25 21:18:32,577 [Worker-30: Launching ReadProperty] INFO  o.e.m.c.i.embedder.EclipseLogger - skip non existing resourceDirectory S:\JANBASK\QA Batch - 01st Sep 2023\SAUCE_UI_FRAMEWORK\src\test\resources
2023-10-25 21:18:40,663 [Worker-31: Launching ReadProperty] INFO  o.e.m.c.i.embedder.EclipseLogger - Using 'UTF-8' encoding to copy filtered resources.
2023-10-25 21:18:40,663 [Worker-31: Launching ReadProperty] INFO  o.e.m.c.i.embedder.EclipseLogger - skip non existing resourceDirectory S:\JANBASK\QA Batch - 01st Sep 2023\SAUCE_UI_FRAMEWORK\src\main\resources
2023-10-25 21:18:40,666 [Worker-31: Launching ReadProperty] INFO  o.e.m.c.i.embedder.EclipseLogger - Using 'UTF-8' encoding to copy filtered resources.
2023-10-25 21:18:40,666 [Worker-31: Launching ReadProperty] INFO  o.e.m.c.i.embedder.EclipseLogger - skip non existing resourceDirectory S:\JANBASK\QA Batch - 01st Sep 2023\SAUCE_UI_FRAMEWORK\src\test\resources
2023-10-25 21:19:36,204 [Worker-33: Building] INFO  o.e.m.c.i.embedder.EclipseLogger - Using 'UTF-8' encoding to copy filtered resources.
2023-10-25 21:19:36,205 [Worker-33: Building] INFO  o.e.m.c.i.embedder.EclipseLogger - skip non existing resourceDirectory S:\JANBASK\QA Batch - 01st Sep 2023\SAUCE_UI_FRAMEWORK\src\main\resources
2023-10-25 21:19:36,209 [Worker-33: Building] INFO  o.e.m.c.i.embedder.EclipseLogger - Using 'UTF-8' encoding to copy filtered resources.
2023-10-25 21:19:36,209 [Worker-33: Building] INFO  o.e.m.c.i.embedder.EclipseLogger - skip non existing resourceDirectory S:\JANBASK\QA Batch - 01st Sep 2023\SAUCE_UI_FRAMEWORK\src\test\resources
2023-10-25 21:26:51,374 [Worker-24: Building] INFO  o.e.m.c.i.embedder.EclipseLogger - Using 'UTF-8' encoding to copy filtered resources.
2023-10-25 21:26:51,374 [Worker-24: Building] INFO  o.e.m.c.i.embedder.EclipseLogger - skip non existing resourceDirectory S:\JANBASK\QA Batch - 01st Sep 2023\SAUCE_UI_FRAMEWORK\src\main\resources
2023-10-25 21:26:51,386 [Worker-24: Building] INFO  o.e.m.c.i.embedder.EclipseLogger - Using 'UTF-8' encoding to copy filtered resources.
2023-10-25 21:26:51,386 [Worker-24: Building] INFO  o.e.m.c.i.embedder.EclipseLogger - skip non existing resourceDirectory S:\JANBASK\QA Batch - 01st Sep 2023\SAUCE_UI_FRAMEWORK\src\test\resources
2023-10-25 21:27:21,109 [Worker-31: Building] INFO  o.e.m.c.i.embedder.EclipseLogger - Using 'UTF-8' encoding to copy filtered resources.
2023-10-25 21:27:21,110 [Worker-31: Building] INFO  o.e.m.c.i.embedder.EclipseLogger - skip non existing resourceDirectory S:\JANBASK\QA Batch - 01st Sep 2023\SAUCE_UI_FRAMEWORK\src\main\resources
2023-10-25 21:27:21,112 [Worker-31: Building] INFO  o.e.m.c.i.embedder.EclipseLogger - Using 'UTF-8' encoding to copy filtered resources.
2023-10-25 21:27:21,113 [Worker-31: Building] INFO  o.e.m.c.i.embedder.EclipseLogger - skip non existing resourceDirectory S:\JANBASK\QA Batch - 01st Sep 2023\SAUCE_UI_FRAMEWORK\src\test\resources
2023-10-25 21:28:40,047 [Worker-33: Launching Launch] INFO  o.e.m.c.i.embedder.EclipseLogger - Using 'UTF-8' encoding to copy filtered resources.
2023-10-25 21:28:40,048 [Worker-33: Launching Launch] INFO  o.e.m.c.i.embedder.EclipseLogger - skip non existing resourceDirectory S:\JANBASK\QA Batch - 01st Sep 2023\SAUCE_UI_FRAMEWORK\src\main\resources
2023-10-25 21:28:40,051 [Worker-33: Launching Launch] INFO  o.e.m.c.i.embedder.EclipseLogger - Using 'UTF-8' encoding to copy filtered resources.
2023-10-25 21:28:40,051 [Worker-33: Launching Launch] INFO  o.e.m.c.i.embedder.EclipseLogger - skip non existing resourceDirectory S:\JANBASK\QA Batch - 01st Sep 2023\SAUCE_UI_FRAMEWORK\src\test\resources
2023-10-25 21:29:20,607 [Worker-32: Building] INFO  o.e.m.c.i.embedder.EclipseLogger - Using 'UTF-8' encoding to copy filtered resources.
2023-10-25 21:29:20,607 [Worker-32: Building] INFO  o.e.m.c.i.embedder.EclipseLogger - skip non existing resourceDirectory S:\JANBASK\QA Batch - 01st Sep 2023\SAUCE_UI_FRAMEWORK\src\main\resources
2023-10-25 21:29:20,609 [Worker-32: Building] INFO  o.e.m.c.i.embedder.EclipseLogger - Using 'UTF-8' encoding to copy filtered resources.
2023-10-25 21:29:20,609 [Worker-32: Building] INFO  o.e.m.c.i.embedder.EclipseLogger - skip non existing resourceDirectory S:\JANBASK\QA Batch - 01st Sep 2023\SAUCE_UI_FRAMEWORK\src\test\resources
2023-10-25 21:29:49,248 [Worker-24: Building] INFO  o.e.m.c.i.embedder.EclipseLogger - Using 'UTF-8' encoding to copy filtered resources.
2023-10-25 21:29:49,249 [Worker-24: Building] INFO  o.e.m.c.i.embedder.EclipseLogger - skip non existing resourceDirectory S:\JANBASK\QA Batch - 01st Sep 2023\SAUCE_UI_FRAMEWORK\src\main\resources
2023-10-25 21:29:49,252 [Worker-24: Building] INFO  o.e.m.c.i.embedder.EclipseLogger - Using 'UTF-8' encoding to copy filtered resources.
2023-10-25 21:29:49,252 [Worker-24: Building] INFO  o.e.m.c.i.embedder.EclipseLogger - skip non existing resourceDirectory S:\JANBASK\QA Batch - 01st Sep 2023\SAUCE_UI_FRAMEWORK\src\test\resources
2023-10-25 21:30:18,222 [Worker-24: Building] INFO  o.e.m.c.i.embedder.EclipseLogger - Using 'UTF-8' encoding to copy filtered resources.
2023-10-25 21:30:18,223 [Worker-24: Building] INFO  o.e.m.c.i.embedder.EclipseLogger - skip non existing resourceDirectory S:\JANBASK\QA Batch - 01st Sep 2023\SAUCE_UI_FRAMEWORK\src\main\resources
2023-10-25 21:30:18,225 [Worker-24: Building] INFO  o.e.m.c.i.embedder.EclipseLogger - Using 'UTF-8' encoding to copy filtered resources.
2023-10-25 21:30:18,225 [Worker-24: Building] INFO  o.e.m.c.i.embedder.EclipseLogger - skip non existing resourceDirectory S:\JANBASK\QA Batch - 01st Sep 2023\SAUCE_UI_FRAMEWORK\src\test\resources
2023-10-25 21:32:48,702 [Worker-35: Building] INFO  o.e.m.c.i.embedder.EclipseLogger - Using 'UTF-8' encoding to copy filtered resources.
2023-10-25 21:32:48,702 [Worker-35: Building] INFO  o.e.m.c.i.embedder.EclipseLogger - skip non existing resourceDirectory S:\JANBASK\QA Batch - 01st Sep 2023\SAUCE_UI_FRAMEWORK\src\main\resources
2023-10-25 21:32:48,704 [Worker-35: Building] INFO  o.e.m.c.i.embedder.EclipseLogger - Using 'UTF-8' encoding to copy filtered resources.
2023-10-25 21:32:48,704 [Worker-35: Building] INFO  o.e.m.c.i.embedder.EclipseLogger - skip non existing resourceDirectory S:\JANBASK\QA Batch - 01st Sep 2023\SAUCE_UI_FRAMEWORK\src\test\resources
2023-10-25 21:35:11,819 [Worker-38: Building] INFO  o.e.m.c.i.embedder.EclipseLogger - Using 'UTF-8' encoding to copy filtered resources.
2023-10-25 21:35:11,819 [Worker-38: Building] INFO  o.e.m.c.i.embedder.EclipseLogger - skip non existing resourceDirectory S:\JANBASK\QA Batch - 01st Sep 2023\SAUCE_UI_FRAMEWORK\src\main\resources
2023-10-25 21:35:11,821 [Worker-38: Building] INFO  o.e.m.c.i.embedder.EclipseLogger - Using 'UTF-8' encoding to copy filtered resources.
2023-10-25 21:35:11,822 [Worker-38: Building] INFO  o.e.m.c.i.embedder.EclipseLogger - skip non existing resourceDirectory S:\JANBASK\QA Batch - 01st Sep 2023\SAUCE_UI_FRAMEWORK\src\test\resources
2023-10-25 21:39:02,680 [Worker-38: Building] INFO  o.e.m.c.i.embedder.EclipseLogger - Using 'UTF-8' encoding to copy filtered resources.
2023-10-25 21:39:02,680 [Worker-38: Building] INFO  o.e.m.c.i.embedder.EclipseLogger - skip non existing resourceDirectory S:\JANBASK\QA Batch - 01st Sep 2023\SAUCE_UI_FRAMEWORK\src\main\resources
2023-10-25 21:39:02,683 [Worker-38: Building] INFO  o.e.m.c.i.embedder.EclipseLogger - Using 'UTF-8' encoding to copy filtered resources.
2023-10-25 21:39:02,683 [Worker-38: Building] INFO  o.e.m.c.i.embedder.EclipseLogger - skip non existing resourceDirectory S:\JANBASK\QA Batch - 01st Sep 2023\SAUCE_UI_FRAMEWORK\src\test\resources
2023-10-25 21:39:21,921 [Worker-38: Building] INFO  o.e.m.c.i.embedder.EclipseLogger - Using 'UTF-8' encoding to copy filtered resources.
2023-10-25 21:39:21,922 [Worker-38: Building] INFO  o.e.m.c.i.embedder.EclipseLogger - skip non existing resourceDirectory S:\JANBASK\QA Batch - 01st Sep 2023\SAUCE_UI_FRAMEWORK\src\main\resources
2023-10-25 21:39:21,923 [Worker-38: Building] INFO  o.e.m.c.i.embedder.EclipseLogger - Using 'UTF-8' encoding to copy filtered resources.
2023-10-25 21:39:21,924 [Worker-38: Building] INFO  o.e.m.c.i.embedder.EclipseLogger - skip non existing resourceDirectory S:\JANBASK\QA Batch - 01st Sep 2023\SAUCE_UI_FRAMEWORK\src\test\resources
2023-10-25 21:39:38,790 [Worker-36: Launching Sample (1)] INFO  o.e.m.c.i.embedder.EclipseLogger - Using 'UTF-8' encoding to copy filtered resources.
2023-10-25 21:39:38,791 [Worker-36: Launching Sample (1)] INFO  o.e.m.c.i.embedder.EclipseLogger - skip non existing resourceDirectory S:\JANBASK\QA Batch - 01st Sep 2023\SAUCE_UI_FRAMEWORK\src\main\resources
2023-10-25 21:39:38,793 [Worker-36: Launching Sample (1)] INFO  o.e.m.c.i.embedder.EclipseLogger - Using 'UTF-8' encoding to copy filtered resources.
2023-10-25 21:39:38,793 [Worker-36: Launching Sample (1)] INFO  o.e.m.c.i.embedder.EclipseLogger - skip non existing resourceDirectory S:\JANBASK\QA Batch - 01st Sep 2023\SAUCE_UI_FRAMEWORK\src\test\resources
2023-10-25 21:41:35,016 [Worker-37: Launching Sample (1)] INFO  o.e.m.c.i.embedder.EclipseLogger - Using 'UTF-8' encoding to copy filtered resources.
2023-10-25 21:41:35,016 [Worker-37: Launching Sample (1)] INFO  o.e.m.c.i.embedder.EclipseLogger - skip non existing resourceDirectory S:\JANBASK\QA Batch - 01st Sep 2023\SAUCE_UI_FRAMEWORK\src\main\resources
2023-10-25 21:41:35,019 [Worker-37: Launching Sample (1)] INFO  o.e.m.c.i.embedder.EclipseLogger - Using 'UTF-8' encoding to copy filtered resources.
2023-10-25 21:41:35,020 [Worker-37: Launching Sample (1)] INFO  o.e.m.c.i.embedder.EclipseLogger - skip non existing resourceDirectory S:\JANBASK\QA Batch - 01st Sep 2023\SAUCE_UI_FRAMEWORK\src\test\resources
2023-10-25 21:42:09,899 [Worker-34: Launching Sample (1)] INFO  o.e.m.c.i.embedder.EclipseLogger - Using 'UTF-8' encoding to copy filtered resources.
2023-10-25 21:42:09,899 [Worker-34: Launching Sample (1)] INFO  o.e.m.c.i.embedder.EclipseLogger - skip non existing resourceDirectory S:\JANBASK\QA Batch - 01st Sep 2023\SAUCE_UI_FRAMEWORK\src\main\resources
2023-10-25 21:42:09,901 [Worker-34: Launching Sample (1)] INFO  o.e.m.c.i.embedder.EclipseLogger - Using 'UTF-8' encoding to copy filtered resources.
2023-10-25 21:42:09,901 [Worker-34: Launching Sample (1)] INFO  o.e.m.c.i.embedder.EclipseLogger - skip non existing resourceDirectory S:\JANBASK\QA Batch - 01st Sep 2023\SAUCE_UI_FRAMEWORK\src\test\resources
2023-10-25 21:46:17,539 [Worker-35: Building] INFO  o.e.m.c.i.embedder.EclipseLogger - Using 'UTF-8' encoding to copy filtered resources.
2023-10-25 21:46:17,539 [Worker-35: Building] INFO  o.e.m.c.i.embedder.EclipseLogger - skip non existing resourceDirectory S:\JANBASK\QA Batch - 01st Sep 2023\SAUCE_UI_FRAMEWORK\src\main\resources
2023-10-25 21:46:17,541 [Worker-35: Building] INFO  o.e.m.c.i.embedder.EclipseLogger - Using 'UTF-8' encoding to copy filtered resources.
2023-10-25 21:46:17,541 [Worker-35: Building] INFO  o.e.m.c.i.embedder.EclipseLogger - skip non existing resourceDirectory S:\JANBASK\QA Batch - 01st Sep 2023\SAUCE_UI_FRAMEWORK\src\test\resources
2023-10-25 21:46:43,343 [Worker-39: Building] INFO  o.e.m.c.i.embedder.EclipseLogger - Using 'UTF-8' encoding to copy filtered resources.
2023-10-25 21:46:43,344 [Worker-39: Building] INFO  o.e.m.c.i.embedder.EclipseLogger - skip non existing resourceDirectory S:\JANBASK\QA Batch - 01st Sep 2023\SAUCE_UI_FRAMEWORK\src\main\resources
2023-10-25 21:46:43,345 [Worker-39: Building] INFO  o.e.m.c.i.embedder.EclipseLogger - Using 'UTF-8' encoding to copy filtered resources.
2023-10-25 21:46:43,346 [Worker-39: Building] INFO  o.e.m.c.i.embedder.EclipseLogger - skip non existing resourceDirectory S:\JANBASK\QA Batch - 01st Sep 2023\SAUCE_UI_FRAMEWORK\src\test\resources
2023-10-25 21:47:42,102 [Worker-34: Launching LoginTest] INFO  o.e.m.c.i.embedder.EclipseLogger - Using 'UTF-8' encoding to copy filtered resources.
2023-10-25 21:47:42,102 [Worker-34: Launching LoginTest] INFO  o.e.m.c.i.embedder.EclipseLogger - skip non existing resourceDirectory S:\JANBASK\QA Batch - 01st Sep 2023\SAUCE_UI_FRAMEWORK\src\main\resources
2023-10-25 21:47:42,104 [Worker-34: Launching LoginTest] INFO  o.e.m.c.i.embedder.EclipseLogger - Using 'UTF-8' encoding to copy filtered resources.
2023-10-25 21:47:42,105 [Worker-34: Launching LoginTest] INFO  o.e.m.c.i.embedder.EclipseLogger - skip non existing resourceDirectory S:\JANBASK\QA Batch - 01st Sep 2023\SAUCE_UI_FRAMEWORK\src\test\resources
2023-10-25 21:49:24,695 [Worker-37: Launching LoginTest] INFO  o.e.m.c.i.embedder.EclipseLogger - Using 'UTF-8' encoding to copy filtered resources.
2023-10-25 21:49:24,695 [Worker-37: Launching LoginTest] INFO  o.e.m.c.i.embedder.EclipseLogger - skip non existing resourceDirectory S:\JANBASK\QA Batch - 01st Sep 2023\SAUCE_UI_FRAMEWORK\src\main\resources
2023-10-25 21:49:24,697 [Worker-37: Launching LoginTest] INFO  o.e.m.c.i.embedder.EclipseLogger - Using 'UTF-8' encoding to copy filtered resources.
2023-10-25 21:49:24,697 [Worker-37: Launching LoginTest] INFO  o.e.m.c.i.embedder.EclipseLogger - skip non existing resourceDirectory S:\JANBASK\QA Batch - 01st Sep 2023\SAUCE_UI_FRAMEWORK\src\test\resources
2023-10-25 21:49:48,877 [Worker-37: Building] INFO  o.e.m.c.i.embedder.EclipseLogger - Using 'UTF-8' encoding to copy filtered resources.
2023-10-25 21:49:48,877 [Worker-37: Building] INFO  o.e.m.c.i.embedder.EclipseLogger - skip non existing resourceDirectory S:\JANBASK\QA Batch - 01st Sep 2023\SAUCE_UI_FRAMEWORK\src\main\resources
2023-10-25 21:49:48,878 [Worker-37: Building] INFO  o.e.m.c.i.embedder.EclipseLogger - Using 'UTF-8' encoding to copy filtered resources.
2023-10-25 21:49:48,879 [Worker-37: Building] INFO  o.e.m.c.i.embedder.EclipseLogger - skip non existing resourceDirectory S:\JANBASK\QA Batch - 01st Sep 2023\SAUCE_UI_FRAMEWORK\src\test\resources
2023-10-25 21:50:02,999 [Worker-34: Building] INFO  o.e.m.c.i.embedder.EclipseLogger - Using 'UTF-8' encoding to copy filtered resources.
2023-10-25 21:50:02,999 [Worker-34: Building] INFO  o.e.m.c.i.embedder.EclipseLogger - skip non existing resourceDirectory S:\JANBASK\QA Batch - 01st Sep 2023\SAUCE_UI_FRAMEWORK\src\main\resources
2023-10-25 21:50:03,002 [Worker-34: Building] INFO  o.e.m.c.i.embedder.EclipseLogger - Using 'UTF-8' encoding to copy filtered resources.
2023-10-25 21:50:03,003 [Worker-34: Building] INFO  o.e.m.c.i.embedder.EclipseLogger - skip non existing resourceDirectory S:\JANBASK\QA Batch - 01st Sep 2023\SAUCE_UI_FRAMEWORK\src\test\resources
2023-10-25 21:51:13,607 [Worker-40: Launching LoginTest] INFO  o.e.m.c.i.embedder.EclipseLogger - Using 'UTF-8' encoding to copy filtered resources.
2023-10-25 21:51:13,607 [Worker-40: Launching LoginTest] INFO  o.e.m.c.i.embedder.EclipseLogger - skip non existing resourceDirectory S:\JANBASK\QA Batch - 01st Sep 2023\SAUCE_UI_FRAMEWORK\src\main\resources
2023-10-25 21:51:13,608 [Worker-40: Launching LoginTest] INFO  o.e.m.c.i.embedder.EclipseLogger - Using 'UTF-8' encoding to copy filtered resources.
2023-10-25 21:51:13,609 [Worker-40: Launching LoginTest] INFO  o.e.m.c.i.embedder.EclipseLogger - skip non existing resourceDirectory S:\JANBASK\QA Batch - 01st Sep 2023\SAUCE_UI_FRAMEWORK\src\test\resources
2023-10-25 21:52:57,230 [Worker-35: Building] INFO  o.e.m.c.i.l.LifecycleMappingFactory - Using org.eclipse.m2e.jdt.JarLifecycleMapping lifecycle mapping for MavenProject: SAUCE_UI_FRAMEWORK:SAUCE_UI_FRAMEWORK:0.0.1-SNAPSHOT @ S:\JANBASK\QA Batch - 01st Sep 2023\SAUCE_UI_FRAMEWORK\pom.xml.
2023-10-25 21:52:59,108 [Worker-35: Building] INFO  o.e.m.c.i.embedder.EclipseLogger - Using 'UTF-8' encoding to copy filtered resources.
2023-10-25 21:52:59,108 [Worker-35: Building] INFO  o.e.m.c.i.embedder.EclipseLogger - skip non existing resourceDirectory S:\JANBASK\QA Batch - 01st Sep 2023\SAUCE_UI_FRAMEWORK\src\main\resources
2023-10-25 21:52:59,111 [Worker-35: Building] INFO  o.e.m.c.i.embedder.EclipseLogger - Using 'UTF-8' encoding to copy filtered resources.
2023-10-25 21:52:59,111 [Worker-35: Building] INFO  o.e.m.c.i.embedder.EclipseLogger - skip non existing resourceDirectory S:\JANBASK\QA Batch - 01st Sep 2023\SAUCE_UI_FRAMEWORK\src\test\resources
2023-10-25 21:53:00,599 [Worker-40: Building] INFO  o.e.m.c.i.embedder.EclipseLogger - Using 'UTF-8' encoding to copy filtered resources.
2023-10-25 21:53:00,600 [Worker-40: Building] INFO  o.e.m.c.i.embedder.EclipseLogger - skip non existing resourceDirectory S:\JANBASK\QA Batch - 01st Sep 2023\SAUCE_UI_FRAMEWORK\src\main\resources
2023-10-25 21:53:00,602 [Worker-40: Building] INFO  o.e.m.c.i.embedder.EclipseLogger - Using 'UTF-8' encoding to copy filtered resources.
2023-10-25 21:53:00,602 [Worker-40: Building] INFO  o.e.m.c.i.embedder.EclipseLogger - skip non existing resourceDirectory S:\JANBASK\QA Batch - 01st Sep 2023\SAUCE_UI_FRAMEWORK\src\test\resources
2023-10-25 21:53:37,562 [Worker-37: Building] INFO  o.e.m.c.i.embedder.EclipseLogger - Using 'UTF-8' encoding to copy filtered resources.
2023-10-25 21:53:37,562 [Worker-37: Building] INFO  o.e.m.c.i.embedder.EclipseLogger - skip non existing resourceDirectory S:\JANBASK\QA Batch - 01st Sep 2023\SAUCE_UI_FRAMEWORK\src\main\resources
2023-10-25 21:53:37,564 [Worker-37: Building] INFO  o.e.m.c.i.embedder.EclipseLogger - Using 'UTF-8' encoding to copy filtered resources.
2023-10-25 21:53:37,564 [Worker-37: Building] INFO  o.e.m.c.i.embedder.EclipseLogger - skip non existing resourceDirectory S:\JANBASK\QA Batch - 01st Sep 2023\SAUCE_UI_FRAMEWORK\src\test\resources
2023-10-25 21:53:46,314 [Worker-35: Launching LoginTest] INFO  o.e.m.c.i.embedder.EclipseLogger - Using 'UTF-8' encoding to copy filtered resources.
2023-10-25 21:53:46,314 [Worker-35: Launching LoginTest] INFO  o.e.m.c.i.embedder.EclipseLogger - skip non existing resourceDirectory S:\JANBASK\QA Batch - 01st Sep 2023\SAUCE_UI_FRAMEWORK\src\main\resources
2023-10-25 21:53:46,316 [Worker-35: Launching LoginTest] INFO  o.e.m.c.i.embedder.EclipseLogger - Using 'UTF-8' encoding to copy filtered resources.
2023-10-25 21:53:46,316 [Worker-35: Launching LoginTest] INFO  o.e.m.c.i.embedder.EclipseLogger - skip non existing resourceDirectory S:\JANBASK\QA Batch - 01st Sep 2023\SAUCE_UI_FRAMEWORK\src\test\resources
2023-10-25 21:54:30,211 [Worker-40: Building] INFO  o.e.m.c.i.embedder.EclipseLogger - Using 'UTF-8' encoding to copy filtered resources.
2023-10-25 21:54:30,211 [Worker-40: Building] INFO  o.e.m.c.i.embedder.EclipseLogger - skip non existing resourceDirectory S:\JANBASK\QA Batch - 01st Sep 2023\SAUCE_UI_FRAMEWORK\src\main\resources
2023-10-25 21:54:30,213 [Worker-40: Building] INFO  o.e.m.c.i.embedder.EclipseLogger - Using 'UTF-8' encoding to copy filtered resources.
2023-10-25 21:54:30,213 [Worker-40: Building] INFO  o.e.m.c.i.embedder.EclipseLogger - skip non existing resourceDirectory S:\JANBASK\QA Batch - 01st Sep 2023\SAUCE_UI_FRAMEWORK\src\test\resources
2023-10-25 21:54:55,021 [Worker-38: Launching LoginTest] INFO  o.e.m.c.i.embedder.EclipseLogger - Using 'UTF-8' encoding to copy filtered resources.
2023-10-25 21:54:55,021 [Worker-38: Launching LoginTest] INFO  o.e.m.c.i.embedder.EclipseLogger - skip non existing resourceDirectory S:\JANBASK\QA Batch - 01st Sep 2023\SAUCE_UI_FRAMEWORK\src\main\resources
2023-10-25 21:54:55,023 [Worker-38: Launching LoginTest] INFO  o.e.m.c.i.embedder.EclipseLogger - Using 'UTF-8' encoding to copy filtered resources.
2023-10-25 21:54:55,023 [Worker-38: Launching LoginTest] INFO  o.e.m.c.i.embedder.EclipseLogger - skip non existing resourceDirectory S:\JANBASK\QA Batch - 01st Sep 2023\SAUCE_UI_FRAMEWORK\src\test\resources
2023-10-25 21:55:46,969 [Worker-35: Building] INFO  o.e.m.c.i.embedder.EclipseLogger - Using 'UTF-8' encoding to copy filtered resources.
2023-10-25 21:55:46,969 [Worker-35: Building] INFO  o.e.m.c.i.embedder.EclipseLogger - skip non existing resourceDirectory S:\JANBASK\QA Batch - 01st Sep 2023\SAUCE_UI_FRAMEWORK\src\main\resources
2023-10-25 21:55:46,971 [Worker-35: Building] INFO  o.e.m.c.i.embedder.EclipseLogger - Using 'UTF-8' encoding to copy filtered resources.
2023-10-25 21:55:46,971 [Worker-35: Building] INFO  o.e.m.c.i.embedder.EclipseLogger - skip non existing resourceDirectory S:\JANBASK\QA Batch - 01st Sep 2023\SAUCE_UI_FRAMEWORK\src\test\resources
2023-10-25 21:56:08,156 [Worker-40: Launching LoginTest] INFO  o.e.m.c.i.embedder.EclipseLogger - Using 'UTF-8' encoding to copy filtered resources.
2023-10-25 21:56:08,157 [Worker-40: Launching LoginTest] INFO  o.e.m.c.i.embedder.EclipseLogger - skip non existing resourceDirectory S:\JANBASK\QA Batch - 01st Sep 2023\SAUCE_UI_FRAMEWORK\src\main\resources
2023-10-25 21:56:08,164 [Worker-40: Launching LoginTest] INFO  o.e.m.c.i.embedder.EclipseLogger - Using 'UTF-8' encoding to copy filtered resources.
2023-10-25 21:56:08,164 [Worker-40: Launching LoginTest] INFO  o.e.m.c.i.embedder.EclipseLogger - skip non existing resourceDirectory S:\JANBASK\QA Batch - 01st Sep 2023\SAUCE_UI_FRAMEWORK\src\test\resources
2023-10-25 21:57:59,377 [Worker-38: Launching LoginTest] INFO  o.e.m.c.i.embedder.EclipseLogger - Using 'UTF-8' encoding to copy filtered resources.
2023-10-25 21:57:59,377 [Worker-38: Launching LoginTest] INFO  o.e.m.c.i.embedder.EclipseLogger - skip non existing resourceDirectory S:\JANBASK\QA Batch - 01st Sep 2023\SAUCE_UI_FRAMEWORK\src\main\resources
2023-10-25 21:57:59,379 [Worker-38: Launching LoginTest] INFO  o.e.m.c.i.embedder.EclipseLogger - Using 'UTF-8' encoding to copy filtered resources.
2023-10-25 21:57:59,379 [Worker-38: Launching LoginTest] INFO  o.e.m.c.i.embedder.EclipseLogger - skip non existing resourceDirectory S:\JANBASK\QA Batch - 01st Sep 2023\SAUCE_UI_FRAMEWORK\src\test\resources
2023-10-25 22:00:42,042 [Worker-37: Launching LoginTest] INFO  o.e.m.c.i.embedder.EclipseLogger - Using 'UTF-8' encoding to copy filtered resources.
2023-10-25 22:00:42,043 [Worker-37: Launching LoginTest] INFO  o.e.m.c.i.embedder.EclipseLogger - skip non existing resourceDirectory S:\JANBASK\QA Batch - 01st Sep 2023\SAUCE_UI_FRAMEWORK\src\main\resources
2023-10-25 22:00:42,044 [Worker-37: Launching LoginTest] INFO  o.e.m.c.i.embedder.EclipseLogger - Using 'UTF-8' encoding to copy filtered resources.
2023-10-25 22:00:42,045 [Worker-37: Launching LoginTest] INFO  o.e.m.c.i.embedder.EclipseLogger - skip non existing resourceDirectory S:\JANBASK\QA Batch - 01st Sep 2023\SAUCE_UI_FRAMEWORK\src\test\resources
2023-10-25 22:40:21,923 [Worker-35: Building] INFO  o.e.m.c.i.embedder.EclipseLogger - Using 'UTF-8' encoding to copy filtered resources.
2023-10-25 22:40:21,924 [Worker-35: Building] INFO  o.e.m.c.i.embedder.EclipseLogger - skip non existing resourceDirectory S:\JANBASK\QA Batch - 01st Sep 2023\SAUCE_UI_FRAMEWORK\src\main\resources
2023-10-25 22:40:21,925 [Worker-35: Building] INFO  o.e.m.c.i.embedder.EclipseLogger - Using 'UTF-8' encoding to copy filtered resources.
2023-10-25 22:40:21,925 [Worker-35: Building] INFO  o.e.m.c.i.embedder.EclipseLogger - skip non existing resourceDirectory S:\JANBASK\QA Batch - 01st Sep 2023\SAUCE_UI_FRAMEWORK\src\test\resources
2023-10-26 20:47:42,296 [Worker-5: Loading available Gradle versions] INFO  o.e.b.c.i.u.g.PublishedGradleVersions - Gradle version information cache is up-to-date. Trying to read.
